This file contains any messages produced by compilers while
running configure, to aid debugging if configure makes a mistake.

It was created by smiqp configure 1.0, which was
generated by GNU Autoconf 2.69.  Invocation command line was

  $ ./configure --with-cplex-cflags=/opt/ibm/ILOG/CPLEX_Studio129/cplex/include --with-cplex-lflags=/opt/ibm/ILOG/CPLEX_Studio129/cplex/lib/x86-64_linux/static_pic --with-scip-lflags=/usr/local/include/scip --with-scip-cflags=/usr/local/lib

## --------- ##
## Platform. ##
## --------- ##

hostname = lamberta-XPS-13-7390
uname -m = x86_64
uname -r = 5.4.0-050400-generic
uname -s = Linux
uname -v = #201911242031 SMP Mon Nov 25 01:35:10 UTC 2019

/usr/bin/uname -p = unknown
/bin/uname -X     = unknown

/bin/arch              = unknown
/usr/bin/arch -k       = unknown
/usr/convex/getsysinfo = unknown
/usr/bin/hostinfo      = unknown
/bin/machine           = unknown
/usr/bin/oslevel       = unknown
/bin/universe          = unknown

PATH: /usr/local/sbin
PATH: /usr/local/bin
PATH: /usr/sbin
PATH: /usr/bin
PATH: /sbin
PATH: /bin
PATH: /usr/games
PATH: /usr/local/games
PATH: /snap/bin
PATH: /home/lamberta/local2/bin
PATH: /home/lamberta/Bureau/test/Miqcr-1.0/src/Alg
PATH: /home/lamberta/gams/gams24.8_linux_x64_64_sfx
PATH: /home/lamberta/baron-lin64
PATH: /home/lamberta/glpk-4.57
PATH: /opt/ibm/ILOG/CPLEX_Studio129/cplex/bin/x86-64_linux/
PATH: /opt/ibm/ILOG/CPLEX_Studio129/opl/bin/x86-64_linux
PATH: /home/lamberta/scipoptsuite-6.0.2/scip/bin
PATH: /opt/ampl/


## ----------- ##
## Core tests. ##
## ----------- ##

configure:2761: checking build system type
configure:2775: result: x86_64-pc-linux-gnu
configure:2908: checking host system type
configure:2921: result: x86_64-pc-linux-gnu
configure:2957: checking for a BSD-compatible install
configure:3025: result: /usr/bin/install -c
configure:3036: checking whether build environment is sane
configure:3091: result: yes
configure:3242: checking for a thread-safe mkdir -p
configure:3281: result: /bin/mkdir -p
configure:3288: checking for gawk
configure:3304: found /usr/bin/gawk
configure:3315: result: gawk
configure:3326: checking whether make sets $(MAKE)
configure:3348: result: yes
configure:3455: checking whether make supports nested variables
configure:3472: result: yes
configure:3600: checking whether to enable maintainer-specific portions of Makefiles
configure:3609: result: no
configure:3662: checking for style of include used by make
configure:3690: result: GNU
configure:3839: checking for gcc
configure:3855: found /usr/bin/gcc
configure:3866: result: gcc
configure:3897: checking for C compiler version
configure:3906: gcc --version >&5
gcc (Ubuntu 7.5.0-3ubuntu1~18.04) 7.5.0
Copyright (C) 2017 Free Software Foundation, Inc.
This is free software; see the source for copying conditions.  There is NO
warranty; not even for MERCHANTABILITY or FITNESS FOR A PARTICULAR PURPOSE.

configure:3917: $? = 0
configure:3906: gcc -v >&5
Using built-in specs.
COLLECT_GCC=gcc
COLLECT_LTO_WRAPPER=/usr/lib/gcc/x86_64-linux-gnu/7/lto-wrapper
OFFLOAD_TARGET_NAMES=nvptx-none
OFFLOAD_TARGET_DEFAULT=1
Target: x86_64-linux-gnu
Configured with: ../src/configure -v --with-pkgversion='Ubuntu 7.5.0-3ubuntu1~18.04' --with-bugurl=file:///usr/share/doc/gcc-7/README.Bugs --enable-languages=c,ada,c++,go,brig,d,fortran,objc,obj-c++ --prefix=/usr --with-gcc-major-version-only --program-suffix=-7 --program-prefix=x86_64-linux-gnu- --enable-shared --enable-linker-build-id --libexecdir=/usr/lib --without-included-gettext --enable-threads=posix --libdir=/usr/lib --enable-nls --enable-bootstrap --enable-clocale=gnu --enable-libstdcxx-debug --enable-libstdcxx-time=yes --with-default-libstdcxx-abi=new --enable-gnu-unique-object --disable-vtable-verify --enable-libmpx --enable-plugin --enable-default-pie --with-system-zlib --with-target-system-zlib --enable-objc-gc=auto --enable-multiarch --disable-werror --with-arch-32=i686 --with-abi=m64 --with-multilib-list=m32,m64,mx32 --enable-multilib --with-tune=generic --enable-offload-targets=nvptx-none --without-cuda-driver --enable-checking=release --build=x86_64-linux-gnu --host=x86_64-linux-gnu --target=x86_64-linux-gnu
Thread model: posix
gcc version 7.5.0 (Ubuntu 7.5.0-3ubuntu1~18.04) 
configure:3917: $? = 0
configure:3906: gcc -V >&5
gcc: error: unrecognized command line option '-V'
gcc: fatal error: no input files
compilation terminated.
configure:3917: $? = 1
configure:3906: gcc -qversion >&5
gcc: error: unrecognized command line option '-qversion'; did you mean '--version'?
gcc: fatal error: no input files
compilation terminated.
configure:3917: $? = 1
configure:3937: checking whether the C compiler works
configure:3959: gcc -O2 -DNDEBUG   conftest.c  >&5
configure:3963: $? = 0
configure:4011: result: yes
configure:4014: checking for C compiler default output file name
configure:4016: result: a.out
configure:4022: checking for suffix of executables
configure:4029: gcc -o conftest -O2 -DNDEBUG   conftest.c  >&5
configure:4033: $? = 0
configure:4055: result: 
configure:4077: checking whether we are cross compiling
configure:4085: gcc -o conftest -O2 -DNDEBUG   conftest.c  >&5
configure:4089: $? = 0
configure:4096: ./conftest
configure:4100: $? = 0
configure:4115: result: no
configure:4120: checking for suffix of object files
configure:4142: gcc -c -O2 -DNDEBUG  conftest.c >&5
configure:4146: $? = 0
configure:4167: result: o
configure:4171: checking whether we are using the GNU C compiler
configure:4190: gcc -c -O2 -DNDEBUG  conftest.c >&5
configure:4190: $? = 0
configure:4199: result: yes
configure:4208: checking whether gcc accepts -g
configure:4228: gcc -c -g  conftest.c >&5
configure:4228: $? = 0
configure:4269: result: yes
configure:4286: checking for gcc option to accept ISO C89
configure:4349: gcc  -c -O2 -DNDEBUG  conftest.c >&5
configure:4349: $? = 0
configure:4362: result: none needed
configure:4387: checking whether gcc understands -c and -o together
configure:4409: gcc -c conftest.c -o conftest2.o
configure:4412: $? = 0
configure:4409: gcc -c conftest.c -o conftest2.o
configure:4412: $? = 0
configure:4424: result: yes
configure:4443: checking dependency style of gcc
configure:4554: result: gcc3
configure:4695: checking for g++
configure:4711: found /usr/bin/g++
configure:4722: result: g++
configure:4749: checking for C++ compiler version
configure:4758: g++ --version >&5
g++ (Ubuntu 7.5.0-3ubuntu1~18.04) 7.5.0
Copyright (C) 2017 Free Software Foundation, Inc.
This is free software; see the source for copying conditions.  There is NO
warranty; not even for MERCHANTABILITY or FITNESS FOR A PARTICULAR PURPOSE.

configure:4769: $? = 0
configure:4758: g++ -v >&5
Using built-in specs.
COLLECT_GCC=g++
COLLECT_LTO_WRAPPER=/usr/lib/gcc/x86_64-linux-gnu/7/lto-wrapper
OFFLOAD_TARGET_NAMES=nvptx-none
OFFLOAD_TARGET_DEFAULT=1
Target: x86_64-linux-gnu
Configured with: ../src/configure -v --with-pkgversion='Ubuntu 7.5.0-3ubuntu1~18.04' --with-bugurl=file:///usr/share/doc/gcc-7/README.Bugs --enable-languages=c,ada,c++,go,brig,d,fortran,objc,obj-c++ --prefix=/usr --with-gcc-major-version-only --program-suffix=-7 --program-prefix=x86_64-linux-gnu- --enable-shared --enable-linker-build-id --libexecdir=/usr/lib --without-included-gettext --enable-threads=posix --libdir=/usr/lib --enable-nls --enable-bootstrap --enable-clocale=gnu --enable-libstdcxx-debug --enable-libstdcxx-time=yes --with-default-libstdcxx-abi=new --enable-gnu-unique-object --disable-vtable-verify --enable-libmpx --enable-plugin --enable-default-pie --with-system-zlib --with-target-system-zlib --enable-objc-gc=auto --enable-multiarch --disable-werror --with-arch-32=i686 --with-abi=m64 --with-multilib-list=m32,m64,mx32 --enable-multilib --with-tune=generic --enable-offload-targets=nvptx-none --without-cuda-driver --enable-checking=release --build=x86_64-linux-gnu --host=x86_64-linux-gnu --target=x86_64-linux-gnu
Thread model: posix
gcc version 7.5.0 (Ubuntu 7.5.0-3ubuntu1~18.04) 
configure:4769: $? = 0
configure:4758: g++ -V >&5
g++: error: unrecognized command line option '-V'
g++: fatal error: no input files
compilation terminated.
configure:4769: $? = 1
configure:4758: g++ -qversion >&5
g++: error: unrecognized command line option '-qversion'; did you mean '--version'?
g++: fatal error: no input files
compilation terminated.
configure:4769: $? = 1
configure:4773: checking whether we are using the GNU C++ compiler
configure:4792: g++ -c -O2 -DNDEBUG  conftest.cpp >&5
configure:4792: $? = 0
configure:4801: result: yes
configure:4810: checking whether g++ accepts -g
configure:4830: g++ -c -g  conftest.cpp >&5
configure:4830: $? = 0
configure:4871: result: yes
configure:4896: checking dependency style of g++
configure:5007: result: gcc3
configure:5030: checking whether g++ understands -c and -o together
configure:5054: g++ -O2 -DNDEBUG -c conftest.cpp -o conftest2.o >&5
configure:5058: $? = 0
configure:5065: g++ -O2 -DNDEBUG -c conftest.cpp -o conftest2.o >&5
configure:5069: $? = 0
configure:5077: result: yes
configure:5099: checking how to run the C++ preprocessor
configure:5126: g++ -E  conftest.cpp
configure:5126: $? = 0
configure:5140: g++ -E  conftest.cpp
conftest.cpp:13:10: fatal error: ac_nonexistent.h: No such file or directory
 #include <ac_nonexistent.h>
          ^~~~~~~~~~~~~~~~~~
compilation terminated.
configure:5140: $? = 1
configure: failed program was:
| /* confdefs.h */
| #define PACKAGE_NAME "smiqp"
| #define PACKAGE_TARNAME "smiqp"
| #define PACKAGE_VERSION "1.0"
| #define PACKAGE_STRING "smiqp 1.0"
| #define PACKAGE_BUGREPORT "http://cedric.cnam.fr/~lamberta/smiqp"
| #define PACKAGE_URL ""
| #define SMIQP_VERSION "1.0"
| #define SMIQP_VERSION_MAJOR 1
| #define SMIQP_VERSION_MINOR 0
| #define SMIQP_VERSION_RELEASE 9999
| /* end confdefs.h.  */
| #include <ac_nonexistent.h>
configure:5165: result: g++ -E
configure:5185: g++ -E  conftest.cpp
configure:5185: $? = 0
configure:5199: g++ -E  conftest.cpp
conftest.cpp:13:10: fatal error: ac_nonexistent.h: No such file or directory
 #include <ac_nonexistent.h>
          ^~~~~~~~~~~~~~~~~~
compilation terminated.
configure:5199: $? = 1
configure: failed program was:
| /* confdefs.h */
| #define PACKAGE_NAME "smiqp"
| #define PACKAGE_TARNAME "smiqp"
| #define PACKAGE_VERSION "1.0"
| #define PACKAGE_STRING "smiqp 1.0"
| #define PACKAGE_BUGREPORT "http://cedric.cnam.fr/~lamberta/smiqp"
| #define PACKAGE_URL ""
| #define SMIQP_VERSION "1.0"
| #define SMIQP_VERSION_MAJOR 1
| #define SMIQP_VERSION_MINOR 0
| #define SMIQP_VERSION_RELEASE 9999
| /* end confdefs.h.  */
| #include <ac_nonexistent.h>
configure:5280: checking for g77
configure:5310: result: no
configure:5280: checking for xlf
configure:5310: result: no
configure:5280: checking for f77
configure:5296: found /usr/bin/f77
configure:5307: result: f77
configure:5333: checking for Fortran 77 compiler version
configure:5342: f77 --version >&5
GNU Fortran (Ubuntu 7.5.0-3ubuntu1~18.04) 7.5.0
Copyright (C) 2017 Free Software Foundation, Inc.
This is free software; see the source for copying conditions.  There is NO
warranty; not even for MERCHANTABILITY or FITNESS FOR A PARTICULAR PURPOSE.

configure:5353: $? = 0
configure:5342: f77 -v >&5
Using built-in specs.
COLLECT_GCC=f77
COLLECT_LTO_WRAPPER=/usr/lib/gcc/x86_64-linux-gnu/7/lto-wrapper
OFFLOAD_TARGET_NAMES=nvptx-none
OFFLOAD_TARGET_DEFAULT=1
Target: x86_64-linux-gnu
Configured with: ../src/configure -v --with-pkgversion='Ubuntu 7.5.0-3ubuntu1~18.04' --with-bugurl=file:///usr/share/doc/gcc-7/README.Bugs --enable-languages=c,ada,c++,go,brig,d,fortran,objc,obj-c++ --prefix=/usr --with-gcc-major-version-only --program-suffix=-7 --program-prefix=x86_64-linux-gnu- --enable-shared --enable-linker-build-id --libexecdir=/usr/lib --without-included-gettext --enable-threads=posix --libdir=/usr/lib --enable-nls --enable-bootstrap --enable-clocale=gnu --enable-libstdcxx-debug --enable-libstdcxx-time=yes --with-default-libstdcxx-abi=new --enable-gnu-unique-object --disable-vtable-verify --enable-libmpx --enable-plugin --enable-default-pie --with-system-zlib --with-target-system-zlib --enable-objc-gc=auto --enable-multiarch --disable-werror --with-arch-32=i686 --with-abi=m64 --with-multilib-list=m32,m64,mx32 --enable-multilib --with-tune=generic --enable-offload-targets=nvptx-none --without-cuda-driver --enable-checking=release --build=x86_64-linux-gnu --host=x86_64-linux-gnu --target=x86_64-linux-gnu
Thread model: posix
gcc version 7.5.0 (Ubuntu 7.5.0-3ubuntu1~18.04) 
configure:5353: $? = 0
configure:5342: f77 -V >&5
f77: error: unrecognized command line option '-V'
f77: fatal error: no input files
compilation terminated.
configure:5353: $? = 1
configure:5342: f77 -qversion >&5
f77: error: unrecognized command line option '-qversion'; did you mean '--version'?
f77: fatal error: no input files
compilation terminated.
configure:5353: $? = 1
configure:5362: checking whether we are using the GNU Fortran 77 compiler
configure:5375: f77 -c -O2 conftest.F >&5
configure:5375: $? = 0
configure:5384: result: yes
configure:5390: checking whether f77 accepts -g
configure:5401: f77 -c -g conftest.f >&5
configure:5401: $? = 0
configure:5409: result: yes
configure:5500: checking how to print strings
configure:5527: result: printf
configure:5548: checking for a sed that does not truncate output
configure:5612: result: /bin/sed
configure:5630: checking for grep that handles long lines and -e
configure:5688: result: /bin/grep
configure:5693: checking for egrep
configure:5755: result: /bin/grep -E
configure:5760: checking for fgrep
configure:5822: result: /bin/grep -F
configure:5857: checking for ld used by gcc
configure:5924: result: /usr/bin/ld
configure:5931: checking if the linker (/usr/bin/ld) is GNU ld
configure:5946: result: yes
configure:5958: checking for BSD- or MS-compatible name lister (nm)
configure:6012: result: /usr/bin/nm -B
configure:6142: checking the name lister (/usr/bin/nm -B) interface
configure:6149: g++ -c -O2 -DNDEBUG  conftest.cpp >&5
configure:6152: /usr/bin/nm -B "conftest.o"
configure:6155: output
0000000000000000 B some_variable
configure:6162: result: BSD nm
configure:6165: checking whether ln -s works
configure:6169: result: yes
configure:6177: checking the maximum length of command line arguments
configure:6308: result: 1572864
configure:6356: checking how to convert x86_64-pc-linux-gnu file names to x86_64-pc-linux-gnu format
configure:6396: result: func_convert_file_noop
configure:6403: checking how to convert x86_64-pc-linux-gnu file names to toolchain format
configure:6423: result: func_convert_file_noop
configure:6430: checking for /usr/bin/ld option to reload object files
configure:6437: result: -r
configure:6511: checking for objdump
configure:6527: found /usr/bin/objdump
configure:6538: result: objdump
configure:6567: checking how to recognize dependent libraries
configure:6767: result: pass_all
configure:6852: checking for dlltool
configure:6882: result: no
configure:6909: checking how to associate runtime and link libraries
configure:6936: result: printf %s\n
configure:6997: checking for ar
configure:7013: found /usr/bin/ar
configure:7024: result: ar
configure:7061: checking for archiver @FILE support
configure:7078: g++ -c -O2 -DNDEBUG  conftest.cpp >&5
configure:7078: $? = 0
configure:7081: ar cru libconftest.a @conftest.lst >&5
ar: `u' modifier ignored since `D' is the default (see `U')
configure:7084: $? = 0
configure:7089: ar cru libconftest.a @conftest.lst >&5
ar: `u' modifier ignored since `D' is the default (see `U')
ar: conftest.o: No such file or directory
configure:7092: $? = 1
configure:7104: result: @
configure:7162: checking for strip
configure:7178: found /usr/bin/strip
configure:7189: result: strip
configure:7261: checking for ranlib
configure:7277: found /usr/bin/ranlib
configure:7288: result: ranlib
configure:7390: checking command to parse /usr/bin/nm -B output from gcc object
configure:7543: g++ -c -O2 -DNDEBUG  conftest.cpp >&5
configure:7546: $? = 0
configure:7550: /usr/bin/nm -B conftest.o \| sed -n -e 's/^.*[ ]\([ABCDGIRSTW][ABCDGIRSTW]*\)[ ][ ]*\([_A-Za-z][_A-Za-z0-9]*\)$/\1 \2 \2/p' | sed '/ __gnu_lto/d' \> conftest.nm
configure:7553: $? = 0
configure:7619: g++ -o conftest -O2 -DNDEBUG   conftest.cpp conftstm.o >&5
configure:7622: $? = 0
configure:7660: result: ok
configure:7707: checking for sysroot
configure:7737: result: no
configure:7744: checking for a working dd
configure:7782: result: /bin/dd
configure:7786: checking how to truncate binary pipes
configure:7801: result: /bin/dd bs=4096 count=1
configure:7938: g++ -c -O2 -DNDEBUG  conftest.cpp >&5
configure:7941: $? = 0
configure:8131: checking for mt
configure:8147: found /bin/mt
configure:8158: result: mt
configure:8181: checking if mt is a manifest tool
configure:8187: mt '-?'
configure:8195: result: no
configure:8872: checking how to run the C preprocessor
configure:8903: gcc -E  conftest.c
configure:8903: $? = 0
configure:8917: gcc -E  conftest.c
conftest.c:13:10: fatal error: ac_nonexistent.h: No such file or directory
 #include <ac_nonexistent.h>
          ^~~~~~~~~~~~~~~~~~
compilation terminated.
configure:8917: $? = 1
configure: failed program was:
| /* confdefs.h */
| #define PACKAGE_NAME "smiqp"
| #define PACKAGE_TARNAME "smiqp"
| #define PACKAGE_VERSION "1.0"
| #define PACKAGE_STRING "smiqp 1.0"
| #define PACKAGE_BUGREPORT "http://cedric.cnam.fr/~lamberta/smiqp"
| #define PACKAGE_URL ""
| #define SMIQP_VERSION "1.0"
| #define SMIQP_VERSION_MAJOR 1
| #define SMIQP_VERSION_MINOR 0
| #define SMIQP_VERSION_RELEASE 9999
| /* end confdefs.h.  */
| #include <ac_nonexistent.h>
configure:8942: result: gcc -E
configure:8962: gcc -E  conftest.c
configure:8962: $? = 0
configure:8976: gcc -E  conftest.c
conftest.c:13:10: fatal error: ac_nonexistent.h: No such file or directory
 #include <ac_nonexistent.h>
          ^~~~~~~~~~~~~~~~~~
compilation terminated.
configure:8976: $? = 1
configure: failed program was:
| /* confdefs.h */
| #define PACKAGE_NAME "smiqp"
| #define PACKAGE_TARNAME "smiqp"
| #define PACKAGE_VERSION "1.0"
| #define PACKAGE_STRING "smiqp 1.0"
| #define PACKAGE_BUGREPORT "http://cedric.cnam.fr/~lamberta/smiqp"
| #define PACKAGE_URL ""
| #define SMIQP_VERSION "1.0"
| #define SMIQP_VERSION_MAJOR 1
| #define SMIQP_VERSION_MINOR 0
| #define SMIQP_VERSION_RELEASE 9999
| /* end confdefs.h.  */
| #include <ac_nonexistent.h>
configure:9005: checking for ANSI C header files
configure:9025: gcc -c -O2 -DNDEBUG  conftest.c >&5
configure:9025: $? = 0
configure:9098: gcc -o conftest -O2 -DNDEBUG   conftest.c  >&5
configure:9098: $? = 0
configure:9098: ./conftest
configure:9098: $? = 0
configure:9109: result: yes
configure:9122: checking for sys/types.h
configure:9122: gcc -c -O2 -DNDEBUG  conftest.c >&5
configure:9122: $? = 0
configure:9122: result: yes
configure:9122: checking for sys/stat.h
configure:9122: gcc -c -O2 -DNDEBUG  conftest.c >&5
configure:9122: $? = 0
configure:9122: result: yes
configure:9122: checking for stdlib.h
configure:9122: gcc -c -O2 -DNDEBUG  conftest.c >&5
configure:9122: $? = 0
configure:9122: result: yes
configure:9122: checking for string.h
configure:9122: gcc -c -O2 -DNDEBUG  conftest.c >&5
configure:9122: $? = 0
configure:9122: result: yes
configure:9122: checking for memory.h
configure:9122: gcc -c -O2 -DNDEBUG  conftest.c >&5
configure:9122: $? = 0
configure:9122: result: yes
configure:9122: checking for strings.h
configure:9122: gcc -c -O2 -DNDEBUG  conftest.c >&5
configure:9122: $? = 0
configure:9122: result: yes
configure:9122: checking for inttypes.h
configure:9122: gcc -c -O2 -DNDEBUG  conftest.c >&5

## ---------------- ##
## Cache variables. ##
## ---------------- ##

ac_cv_build=x86_64-pc-linux-gnu
ac_cv_c_compiler_gnu=yes
ac_cv_cxx_compiler_gnu=yes
ac_cv_env_CCC_set=
ac_cv_env_CCC_value=
ac_cv_env_CC_set=
ac_cv_env_CC_value=
ac_cv_env_CFLAGS_set=
ac_cv_env_CFLAGS_value=
ac_cv_env_CPPFLAGS_set=
ac_cv_env_CPPFLAGS_value=
ac_cv_env_CPP_set=
ac_cv_env_CPP_value=
ac_cv_env_CXXCPP_set=
ac_cv_env_CXXCPP_value=
ac_cv_env_CXXFLAGS_set=
ac_cv_env_CXXFLAGS_value=
ac_cv_env_CXXLIBS_set=
ac_cv_env_CXXLIBS_value=
ac_cv_env_CXX_set=
ac_cv_env_CXX_value=
ac_cv_env_F77_set=
ac_cv_env_F77_value=
ac_cv_env_FFLAGS_set=
ac_cv_env_FFLAGS_value=
ac_cv_env_LDFLAGS_set=
ac_cv_env_LDFLAGS_value=
ac_cv_env_LIBS_set=
ac_cv_env_LIBS_value=
ac_cv_env_LT_SYS_LIBRARY_PATH_set=
ac_cv_env_LT_SYS_LIBRARY_PATH_value=
ac_cv_env_PKG_CONFIG_set=
ac_cv_env_PKG_CONFIG_value=
ac_cv_env_build_alias_set=
ac_cv_env_build_alias_value=
ac_cv_env_host_alias_set=
ac_cv_env_host_alias_value=
ac_cv_env_target_alias_set=
ac_cv_env_target_alias_value=
ac_cv_f77_compiler_gnu=yes
ac_cv_header_memory_h=yes
ac_cv_header_stdc=yes
ac_cv_header_stdlib_h=yes
ac_cv_header_string_h=yes
ac_cv_header_strings_h=yes
ac_cv_header_sys_stat_h=yes
ac_cv_header_sys_types_h=yes
ac_cv_host=x86_64-pc-linux-gnu
ac_cv_objext=o
ac_cv_path_EGREP='/bin/grep -E'
ac_cv_path_FGREP='/bin/grep -F'
ac_cv_path_GREP=/bin/grep
ac_cv_path_SED=/bin/sed
ac_cv_path_install='/usr/bin/install -c'
ac_cv_path_lt_DD=/bin/dd
ac_cv_path_mkdir=/bin/mkdir
ac_cv_prog_AWK=gawk
ac_cv_prog_CPP='gcc -E'
ac_cv_prog_CXXCPP='g++ -E'
ac_cv_prog_ac_ct_AR=ar
ac_cv_prog_ac_ct_CC=gcc
ac_cv_prog_ac_ct_CXX=g++
ac_cv_prog_ac_ct_F77=f77
ac_cv_prog_ac_ct_MANIFEST_TOOL=mt
ac_cv_prog_ac_ct_OBJDUMP=objdump
ac_cv_prog_ac_ct_RANLIB=ranlib
ac_cv_prog_ac_ct_STRIP=strip
ac_cv_prog_cc_c89=
ac_cv_prog_cc_g=yes
ac_cv_prog_cxx_c_o=yes
ac_cv_prog_cxx_g=yes
ac_cv_prog_f77_g=yes
ac_cv_prog_make_make_set=yes
am_cv_CC_dependencies_compiler_type=gcc3
am_cv_CXX_dependencies_compiler_type=gcc3
am_cv_make_support_nested_variables=yes
am_cv_prog_cc_c_o=yes
lt_cv_ar_at_file=@
lt_cv_deplibs_check_method=pass_all
lt_cv_file_magic_cmd='$MAGIC_CMD'
lt_cv_file_magic_test_file=
lt_cv_ld_reload_flag=-r
lt_cv_nm_interface='BSD nm'
lt_cv_path_LD=/usr/bin/ld
lt_cv_path_NM='/usr/bin/nm -B'
lt_cv_path_mainfest_tool=no
lt_cv_prog_gnu_ld=yes
lt_cv_sharedlib_from_linklib_cmd='printf %s\n'
lt_cv_sys_global_symbol_pipe='sed -n -e '\''s/^.*[	 ]\([ABCDGIRSTW][ABCDGIRSTW]*\)[	 ][	 ]*\([_A-Za-z][_A-Za-z0-9]*\)$/\1 \2 \2/p'\'' | sed '\''/ __gnu_lto/d'\'''
lt_cv_sys_global_symbol_to_c_name_address='sed -n -e '\''s/^: \(.*\) .*$/  {"\1", (void *) 0},/p'\'' -e '\''s/^[ABCDGIRSTW][ABCDGIRSTW]* .* \(.*\)$/  {"\1", (void *) \&\1},/p'\'''
lt_cv_sys_global_symbol_to_c_name_address_lib_prefix='sed -n -e '\''s/^: \(.*\) .*$/  {"\1", (void *) 0},/p'\'' -e '\''s/^[ABCDGIRSTW][ABCDGIRSTW]* .* \(lib.*\)$/  {"\1", (void *) \&\1},/p'\'' -e '\''s/^[ABCDGIRSTW][ABCDGIRSTW]* .* \(.*\)$/  {"lib\1", (void *) \&\1},/p'\'''
lt_cv_sys_global_symbol_to_cdecl='sed -n -e '\''s/^T .* \(.*\)$/extern int \1();/p'\'' -e '\''s/^[ABCDGIRSTW][ABCDGIRSTW]* .* \(.*\)$/extern char \1;/p'\'''
lt_cv_sys_global_symbol_to_import=
lt_cv_sys_max_cmd_len=1572864
lt_cv_to_host_file_cmd=func_convert_file_noop
lt_cv_to_tool_file_cmd=func_convert_file_noop
lt_cv_truncate_bin='/bin/dd bs=4096 count=1'

## ----------------- ##
## Output variables. ##
## ----------------- ##

ACLOCAL='${SHELL} /home/lamberta/Bureau/test/Miqcr-1.0/config/missing aclocal-1.15'
ALWAYS_FALSE_FALSE=''
ALWAYS_FALSE_TRUE='#'
AMDEPBACKSLASH='\'
AMDEP_FALSE='#'
AMDEP_TRUE=''
AMTAR='$${TAR-tar}'
AM_BACKSLASH='\'
AM_DEFAULT_V='$(AM_DEFAULT_VERBOSITY)'
AM_DEFAULT_VERBOSITY='0'
AM_V='$(V)'
AR='ar'
AS=''
AUTOCONF='${SHELL} /home/lamberta/Bureau/test/Miqcr-1.0/config/missing autoconf'
AUTOHEADER='${SHELL} /home/lamberta/Bureau/test/Miqcr-1.0/config/missing autoheader'
AUTOMAKE='${SHELL} /home/lamberta/Bureau/test/Miqcr-1.0/config/missing automake-1.15'
AWK='gawk'
CB_CFLAGS=''
CB_LFLAGS=''
CC='gcc'
CCDEPMODE='depmode=gcc3'
CFLAGS='-O2 -DNDEBUG'
COIN_HAS_ASL_FALSE=''
COIN_HAS_ASL_TRUE=''
COIN_HAS_BLAS_FALSE=''
COIN_HAS_BLAS_TRUE=''
COIN_HAS_CONICBUNDLE_FALSE=''
COIN_HAS_CONICBUNDLE_TRUE=''
COIN_HAS_CPLEX_FALSE=''
COIN_HAS_CPLEX_TRUE=''
COIN_HAS_CSDP_FALSE=''
COIN_HAS_CSDP_TRUE=''
COIN_HAS_DOXYGEN_FALSE=''
COIN_HAS_DOXYGEN_TRUE=''
COIN_HAS_LAPACK_FALSE=''
COIN_HAS_LAPACK_TRUE=''
COIN_HAS_LATEX_FALSE=''
COIN_HAS_LATEX_TRUE=''
COIN_HAS_PKGCONFIG_FALSE=''
COIN_HAS_PKGCONFIG_TRUE=''
COIN_HAS_SCIP_FALSE=''
COIN_HAS_SCIP_TRUE=''
COIN_PKG_CONFIG_PATH=''
CPLEX_CFLAGS=''
CPLEX_LFLAGS=''
CPP='gcc -E'
CPPFLAGS=''
CSDP_CFLAGS=''
CSDP_LFLAGS=''
CXX='g++'
CXXCPP='g++ -E'
CXXDEPMODE='depmode=gcc3'
CXXFLAGS='-O2 -DNDEBUG'
CXXLIBS=''
CYGPATH_W='echo'
DEFS=''
DEPDIR='.deps'
DLLTOOL='false'
DSYMUTIL=''
DUMPBIN=''
ECHO_C=''
ECHO_N='-n'
ECHO_T=''
EGREP='/bin/grep -E'
EXEEXT=''
F77='f77'
FFLAGS='-O2'
FGREP='/bin/grep -F'
GREP='/bin/grep'
HAVE_CPLEX_FALSE=''
HAVE_CPLEX_TRUE=''
HAVE_SCIP_FALSE=''
HAVE_SCIP_TRUE=''
INSTALL_DATA='${INSTALL} -m 644'
INSTALL_PROGRAM='${INSTALL}'
INSTALL_SCRIPT='${INSTALL}'
INSTALL_STRIP_PROGRAM='$(install_sh) -c -s'
LD='/usr/bin/ld -m elf_x86_64'
LDFLAGS=''
LIBOBJS=''
LIBS=''
LIBTOOL=''
LIPO=''
LN_S='ln -s'
LTLIBOBJS=''
LT_LDFLAGS=''
LT_SYS_LIBRARY_PATH=''
MAINT='#'
MAINTAINER_MODE_FALSE=''
MAINTAINER_MODE_TRUE='#'
MAKEINFO='${SHELL} /home/lamberta/Bureau/test/Miqcr-1.0/config/missing makeinfo'
MANIFEST_TOOL=':'
MKDIR_P='/bin/mkdir -p'
NM='/usr/bin/nm -B'
NMEDIT=''
OBJDUMP='objdump'
OBJEXT='o'
OTOOL64=''
OTOOL=''
PACKAGE='smiqp'
PACKAGE_BUGREPORT='http://cedric.cnam.fr/~lamberta/smiqp'
PACKAGE_NAME='smiqp'
PACKAGE_STRING='smiqp 1.0'
PACKAGE_TARNAME='smiqp'
PACKAGE_URL=''
PACKAGE_VERSION='1.0'
PATH_SEPARATOR=':'
PKG_CONFIG=''
RANLIB='ranlib'
RPATH_FLAGS=''
SCIP_CFLAGS=''
SCIP_LFLAGS=''
SED='/bin/sed'
SET_MAKE=''
SHELL='/bin/bash'
SMIQPAMPLINTERFACELIB_CFLAGS=''
SMIQPAMPLINTERFACELIB_LFLAGS=''
SMIQPAMPLINTERFACELIB_PCFILES=''
SMIQPLIB_CFLAGS=''
SMIQPLIB_LFLAGS=''
SMIQPLIB_PCFILES=''
STRIP='strip'
VERSION='1.0'
ac_ct_AR='ar'
ac_ct_CC='gcc'
ac_ct_CXX='g++'
ac_ct_DUMPBIN=''
ac_ct_F77='f77'
ac_ct_PKG_CONFIG=''
am__EXEEXT_FALSE=''
am__EXEEXT_TRUE=''
am__fastdepCC_FALSE='#'
am__fastdepCC_TRUE=''
am__fastdepCXX_FALSE='#'
am__fastdepCXX_TRUE=''
am__include='include'
am__isrc=''
am__leading_dot='.'
am__nodep='_no'
am__quote=''
am__tar='$${TAR-tar} chof - "$$tardir"'
am__untar='$${TAR-tar} xf -'
bindir='${exec_prefix}/bin'
build='x86_64-pc-linux-gnu'
build_alias=''
build_cpu='x86_64'
build_os='linux-gnu'
build_vendor='pc'
coin_doxy_logname=''
coin_doxy_tagfiles=''
coin_doxy_tagname=''
coin_doxy_usedot=''
coin_have_doxygen=''
coin_have_latex=''
datadir='${datarootdir}'
datarootdir='${prefix}/share'
docdir='${datarootdir}/doc/${PACKAGE_TARNAME}'
dvidir='${docdir}'
exec_prefix='NONE'
host='x86_64-pc-linux-gnu'
host_alias=''
host_cpu='x86_64'
host_os='linux-gnu'
host_vendor='pc'
htmldir='${docdir}'
includedir='${prefix}/include'
infodir='${datarootdir}/info'
install_sh='${SHELL} /home/lamberta/Bureau/test/Miqcr-1.0/config/install-sh'
libdir='${exec_prefix}/lib'
libexecdir='${exec_prefix}/libexec'
localedir='${datarootdir}/locale'
localstatedir='${prefix}/var'
mandir='${datarootdir}/man'
mkdir_p='$(MKDIR_P)'
oldincludedir='/usr/include'
pdfdir='${docdir}'
prefix='NONE'
program_transform_name='s,x,x,'
psdir='${docdir}'
runstatedir='${localstatedir}/run'
sbindir='${exec_prefix}/sbin'
sharedstatedir='${prefix}/com'
subdirs=''
sysconfdir='${prefix}/etc'
target_alias=''

## ----------- ##
## confdefs.h. ##
## ----------- ##

/* confdefs.h */
#define PACKAGE_NAME "smiqp"
#define PACKAGE_TARNAME "smiqp"
#define PACKAGE_VERSION "1.0"
#define PACKAGE_STRING "smiqp 1.0"
#define PACKAGE_BUGREPORT "http://cedric.cnam.fr/~lamberta/smiqp"
#define PACKAGE_URL ""
#define SMIQP_VERSION "1.0"
#define SMIQP_VERSION_MAJOR 1
#define SMIQP_VERSION_MINOR 0
#define SMIQP_VERSION_RELEASE 9999
#define STDC_HEADERS 1
#define HAVE_SYS_TYPES_H 1
#define HAVE_SYS_STAT_H 1
#define HAVE_STDLIB_H 1
#define HAVE_STRING_H 1
#define HAVE_MEMORY_H 1
#define HAVE_STRINGS_H 1

configure: caught signal 2
configure: exit 1

## ---------------------- ##
## Running config.status. ##
## ---------------------- ##

This file was extended by smiqp config.status 1.0, which was
generated by GNU Autoconf 2.69.  Invocation command line was

  CONFIG_FILES    = 
  CONFIG_HEADERS  = 
  CONFIG_LINKS    = 
  CONFIG_COMMANDS = 
  $ ./config.status Makefile

on lamberta-XPS-13-7390

config.status:1287: creating Makefile

## ---------------------- ##
## Running config.status. ##
## ---------------------- ##

This file was extended by smiqp config.status 1.0, which was
generated by GNU Autoconf 2.69.  Invocation command line was

  CONFIG_FILES    = 
  CONFIG_HEADERS  = 
  CONFIG_LINKS    = 
  CONFIG_COMMANDS = 
  $ ./config.status src/Declarations/Makefile depfiles

on lamberta-XPS-13-7390

config.status:1287: creating src/Declarations/Makefile
config.status:1516: executing depfiles commands

## ---------------------- ##
## Running config.status. ##
## ---------------------- ##

This file was extended by smiqp config.status 1.0, which was
generated by GNU Autoconf 2.69.  Invocation command line was

  CONFIG_FILES    = 
  CONFIG_HEADERS  = 
  CONFIG_LINKS    = 
  CONFIG_COMMANDS = 
  $ ./config.status src/SdpSolver/Makefile depfiles

on lamberta-XPS-13-7390

config.status:1287: creating src/SdpSolver/Makefile
config.status:1516: executing depfiles commands

## ---------------------- ##
## Running config.status. ##
## ---------------------- ##

This file was extended by smiqp config.status 1.0, which was
generated by GNU Autoconf 2.69.  Invocation command line was

  CONFIG_FILES    = 
  CONFIG_HEADERS  = 
  CONFIG_LINKS    = 
  CONFIG_COMMANDS = 
  $ ./config.status src/Interfaces/Makefile depfiles

on lamberta-XPS-13-7390

config.status:1287: creating src/Interfaces/Makefile
config.status:1516: executing depfiles commands

## ---------------------- ##
## Running config.status. ##
## ---------------------- ##

This file was extended by smiqp config.status 1.0, which was
generated by GNU Autoconf 2.69.  Invocation command line was

  CONFIG_FILES    = 
  CONFIG_HEADERS  = 
  CONFIG_LINKS    = 
  CONFIG_COMMANDS = 
  $ ./config.status src/Interfaces/Ipopt/Makefile depfiles

on lamberta-XPS-13-7390

config.status:1287: creating src/Interfaces/Ipopt/Makefile
config.status:1516: executing depfiles commands

## ---------------------- ##
## Running config.status. ##
## ---------------------- ##

This file was extended by smiqp config.status 1.0, which was
generated by GNU Autoconf 2.69.  Invocation command line was

  CONFIG_FILES    = 
  CONFIG_HEADERS  = 
  CONFIG_LINKS    = 
  CONFIG_COMMANDS = 
  $ ./config.status src/Interfaces/Scip/Makefile depfiles

on lamberta-XPS-13-7390

config.status:1287: creating src/Interfaces/Scip/Makefile
config.status:1516: executing depfiles commands

## ---------------------- ##
## Running config.status. ##
## ---------------------- ##

This file was extended by smiqp config.status 1.0, which was
generated by GNU Autoconf 2.69.  Invocation command line was

  CONFIG_FILES    = 
  CONFIG_HEADERS  = 
  CONFIG_LINKS    = 
  CONFIG_COMMANDS = 
  $ ./config.status src/Interfaces/Cplex/Makefile depfiles

on lamberta-XPS-13-7390

config.status:1287: creating src/Interfaces/Cplex/Makefile
config.status:1516: executing depfiles commands

## ---------------------- ##
## Running config.status. ##
## ---------------------- ##

This file was extended by smiqp config.status 1.0, which was
generated by GNU Autoconf 2.69.  Invocation command line was

  CONFIG_FILES    = 
  CONFIG_HEADERS  = 
  CONFIG_LINKS    = 
  CONFIG_COMMANDS = 
  $ ./config.status src/Alg/Makefile depfiles

on lamberta-XPS-13-7390

config.status:1287: creating src/Alg/Makefile
config.status:1516: executing depfiles commands

## ---------------------- ##
## Running config.status. ##
## ---------------------- ##

This file was extended by smiqp config.status 1.0, which was
generated by GNU Autoconf 2.69.  Invocation command line was

  CONFIG_FILES    = 
  CONFIG_HEADERS  = 
  CONFIG_LINKS    = 
  CONFIG_COMMANDS = 
  $ ./config.status Makefile

on lamberta-XPS-13-7390

config.status:1287: creating Makefile

## ---------------------- ##
## Running config.status. ##
## ---------------------- ##

This file was extended by smiqp config.status 1.0, which was
generated by GNU Autoconf 2.69.  Invocation command line was

  CONFIG_FILES    = 
  CONFIG_HEADERS  = 
  CONFIG_LINKS    = 
  CONFIG_COMMANDS = 
  $ ./config.status src/Declarations/Makefile depfiles

on lamberta-XPS-13-7390

config.status:1287: creating src/Declarations/Makefile
config.status:1516: executing depfiles commands

## ---------------------- ##
## Running config.status. ##
## ---------------------- ##

This file was extended by smiqp config.status 1.0, which was
generated by GNU Autoconf 2.69.  Invocation command line was

  CONFIG_FILES    = 
  CONFIG_HEADERS  = 
  CONFIG_LINKS    = 
  CONFIG_COMMANDS = 
  $ ./config.status src/SdpSolver/Makefile depfiles

on lamberta-XPS-13-7390

config.status:1287: creating src/SdpSolver/Makefile
config.status:1516: executing depfiles commands

## ---------------------- ##
## Running config.status. ##
## ---------------------- ##

This file was extended by smiqp config.status 1.0, which was
generated by GNU Autoconf 2.69.  Invocation command line was

  CONFIG_FILES    = 
  CONFIG_HEADERS  = 
  CONFIG_LINKS    = 
  CONFIG_COMMANDS = 
  $ ./config.status src/Interfaces/Makefile depfiles

on lamberta-XPS-13-7390

config.status:1287: creating src/Interfaces/Makefile
config.status:1516: executing depfiles commands

## ---------------------- ##
## Running config.status. ##
## ---------------------- ##

This file was extended by smiqp config.status 1.0, which was
generated by GNU Autoconf 2.69.  Invocation command line was

  CONFIG_FILES    = 
  CONFIG_HEADERS  = 
  CONFIG_LINKS    = 
  CONFIG_COMMANDS = 
  $ ./config.status src/Interfaces/Ipopt/Makefile depfiles

on lamberta-XPS-13-7390

config.status:1287: creating src/Interfaces/Ipopt/Makefile
config.status:1516: executing depfiles commands

## ---------------------- ##
## Running config.status. ##
## ---------------------- ##

This file was extended by smiqp config.status 1.0, which was
generated by GNU Autoconf 2.69.  Invocation command line was

  CONFIG_FILES    = 
  CONFIG_HEADERS  = 
  CONFIG_LINKS    = 
  CONFIG_COMMANDS = 
  $ ./config.status src/Interfaces/Scip/Makefile depfiles

on lamberta-XPS-13-7390

config.status:1287: creating src/Interfaces/Scip/Makefile
config.status:1516: executing depfiles commands

## ---------------------- ##
## Running config.status. ##
## ---------------------- ##

This file was extended by smiqp config.status 1.0, which was
generated by GNU Autoconf 2.69.  Invocation command line was

  CONFIG_FILES    = 
  CONFIG_HEADERS  = 
  CONFIG_LINKS    = 
  CONFIG_COMMANDS = 
  $ ./config.status src/Interfaces/Cplex/Makefile depfiles

on lamberta-XPS-13-7390

config.status:1287: creating src/Interfaces/Cplex/Makefile
config.status:1516: executing depfiles commands

## ---------------------- ##
## Running config.status. ##
## ---------------------- ##

This file was extended by smiqp config.status 1.0, which was
generated by GNU Autoconf 2.69.  Invocation command line was

  CONFIG_FILES    = 
  CONFIG_HEADERS  = 
  CONFIG_LINKS    = 
  CONFIG_COMMANDS = 
  $ ./config.status src/Alg/Makefile depfiles

on lamberta-XPS-13-7390

config.status:1287: creating src/Alg/Makefile
config.status:1516: executing depfiles commands

## ---------------------- ##
## Running config.status. ##
## ---------------------- ##

This file was extended by smiqp config.status 1.0, which was
generated by GNU Autoconf 2.69.  Invocation command line was

  CONFIG_FILES    = 
  CONFIG_HEADERS  = 
  CONFIG_LINKS    = 
  CONFIG_COMMANDS = 
  $ ./config.status Makefile

on lamberta-XPS-13-7390

config.status:1287: creating Makefile

## ---------------------- ##
## Running config.status. ##
## ---------------------- ##

This file was extended by smiqp config.status 1.0, which was
generated by GNU Autoconf 2.69.  Invocation command line was

  CONFIG_FILES    = 
  CONFIG_HEADERS  = 
  CONFIG_LINKS    = 
  CONFIG_COMMANDS = 
  $ ./config.status src/Declarations/Makefile depfiles

on lamberta-XPS-13-7390

config.status:1287: creating src/Declarations/Makefile
config.status:1516: executing depfiles commands

## ---------------------- ##
## Running config.status. ##
## ---------------------- ##

This file was extended by smiqp config.status 1.0, which was
generated by GNU Autoconf 2.69.  Invocation command line was

  CONFIG_FILES    = 
  CONFIG_HEADERS  = 
  CONFIG_LINKS    = 
  CONFIG_COMMANDS = 
  $ ./config.status src/SdpSolver/Makefile depfiles

on lamberta-XPS-13-7390

config.status:1287: creating src/SdpSolver/Makefile
config.status:1516: executing depfiles commands

## ---------------------- ##
## Running config.status. ##
## ---------------------- ##

This file was extended by smiqp config.status 1.0, which was
generated by GNU Autoconf 2.69.  Invocation command line was

  CONFIG_FILES    = 
  CONFIG_HEADERS  = 
  CONFIG_LINKS    = 
  CONFIG_COMMANDS = 
  $ ./config.status src/Interfaces/Makefile depfiles

on lamberta-XPS-13-7390

config.status:1287: creating src/Interfaces/Makefile
config.status:1516: executing depfiles commands

## ---------------------- ##
## Running config.status. ##
## ---------------------- ##

This file was extended by smiqp config.status 1.0, which was
generated by GNU Autoconf 2.69.  Invocation command line was

  CONFIG_FILES    = 
  CONFIG_HEADERS  = 
  CONFIG_LINKS    = 
  CONFIG_COMMANDS = 
  $ ./config.status src/Interfaces/Ipopt/Makefile depfiles

on lamberta-XPS-13-7390

config.status:1287: creating src/Interfaces/Ipopt/Makefile
config.status:1516: executing depfiles commands

## ---------------------- ##
## Running config.status. ##
## ---------------------- ##

This file was extended by smiqp config.status 1.0, which was
generated by GNU Autoconf 2.69.  Invocation command line was

  CONFIG_FILES    = 
  CONFIG_HEADERS  = 
  CONFIG_LINKS    = 
  CONFIG_COMMANDS = 
  $ ./config.status src/Interfaces/Scip/Makefile depfiles

on lamberta-XPS-13-7390

config.status:1287: creating src/Interfaces/Scip/Makefile
config.status:1516: executing depfiles commands

## ---------------------- ##
## Running config.status. ##
## ---------------------- ##

This file was extended by smiqp config.status 1.0, which was
generated by GNU Autoconf 2.69.  Invocation command line was

  CONFIG_FILES    = 
  CONFIG_HEADERS  = 
  CONFIG_LINKS    = 
  CONFIG_COMMANDS = 
  $ ./config.status src/Interfaces/Cplex/Makefile depfiles

on lamberta-XPS-13-7390

config.status:1287: creating src/Interfaces/Cplex/Makefile
config.status:1516: executing depfiles commands

## ---------------------- ##
## Running config.status. ##
## ---------------------- ##

This file was extended by smiqp config.status 1.0, which was
generated by GNU Autoconf 2.69.  Invocation command line was

  CONFIG_FILES    = 
  CONFIG_HEADERS  = 
  CONFIG_LINKS    = 
  CONFIG_COMMANDS = 
  $ ./config.status src/Alg/Makefile depfiles

on lamberta-XPS-13-7390

config.status:1287: creating src/Alg/Makefile
config.status:1516: executing depfiles commands

## ---------------------- ##
## Running config.status. ##
## ---------------------- ##

This file was extended by smiqp config.status 1.0, which was
generated by GNU Autoconf 2.69.  Invocation command line was

  CONFIG_FILES    = 
  CONFIG_HEADERS  = 
  CONFIG_LINKS    = 
  CONFIG_COMMANDS = 
  $ ./config.status Makefile

on lamberta-XPS-13-7390

config.status:1287: creating Makefile

## ---------------------- ##
## Running config.status. ##
## ---------------------- ##

This file was extended by smiqp config.status 1.0, which was
generated by GNU Autoconf 2.69.  Invocation command line was

  CONFIG_FILES    = 
  CONFIG_HEADERS  = 
  CONFIG_LINKS    = 
  CONFIG_COMMANDS = 
  $ ./config.status src/Declarations/Makefile depfiles

on lamberta-XPS-13-7390

config.status:1287: creating src/Declarations/Makefile
config.status:1516: executing depfiles commands

## ---------------------- ##
## Running config.status. ##
## ---------------------- ##

This file was extended by smiqp config.status 1.0, which was
generated by GNU Autoconf 2.69.  Invocation command line was

  CONFIG_FILES    = 
  CONFIG_HEADERS  = 
  CONFIG_LINKS    = 
  CONFIG_COMMANDS = 
  $ ./config.status src/SdpSolver/Makefile depfiles

on lamberta-XPS-13-7390

config.status:1287: creating src/SdpSolver/Makefile
config.status:1516: executing depfiles commands

## ---------------------- ##
## Running config.status. ##
## ---------------------- ##

This file was extended by smiqp config.status 1.0, which was
generated by GNU Autoconf 2.69.  Invocation command line was

  CONFIG_FILES    = 
  CONFIG_HEADERS  = 
  CONFIG_LINKS    = 
  CONFIG_COMMANDS = 
  $ ./config.status src/Interfaces/Makefile depfiles

on lamberta-XPS-13-7390

config.status:1287: creating src/Interfaces/Makefile
config.status:1516: executing depfiles commands

## ---------------------- ##
## Running config.status. ##
## ---------------------- ##

This file was extended by smiqp config.status 1.0, which was
generated by GNU Autoconf 2.69.  Invocation command line was

  CONFIG_FILES    = 
  CONFIG_HEADERS  = 
  CONFIG_LINKS    = 
  CONFIG_COMMANDS = 
  $ ./config.status src/Interfaces/Ipopt/Makefile depfiles

on lamberta-XPS-13-7390

config.status:1287: creating src/Interfaces/Ipopt/Makefile
config.status:1516: executing depfiles commands

## ---------------------- ##
## Running config.status. ##
## ---------------------- ##

This file was extended by smiqp config.status 1.0, which was
generated by GNU Autoconf 2.69.  Invocation command line was

  CONFIG_FILES    = 
  CONFIG_HEADERS  = 
  CONFIG_LINKS    = 
  CONFIG_COMMANDS = 
  $ ./config.status src/Interfaces/Scip/Makefile depfiles

on lamberta-XPS-13-7390

config.status:1287: creating src/Interfaces/Scip/Makefile
config.status:1516: executing depfiles commands

## ---------------------- ##
## Running config.status. ##
## ---------------------- ##

This file was extended by smiqp config.status 1.0, which was
generated by GNU Autoconf 2.69.  Invocation command line was

  CONFIG_FILES    = 
  CONFIG_HEADERS  = 
  CONFIG_LINKS    = 
  CONFIG_COMMANDS = 
  $ ./config.status src/Interfaces/Cplex/Makefile depfiles

on lamberta-XPS-13-7390

config.status:1287: creating src/Interfaces/Cplex/Makefile
config.status:1516: executing depfiles commands

## ---------------------- ##
## Running config.status. ##
## ---------------------- ##

This file was extended by smiqp config.status 1.0, which was
generated by GNU Autoconf 2.69.  Invocation command line was

  CONFIG_FILES    = 
  CONFIG_HEADERS  = 
  CONFIG_LINKS    = 
  CONFIG_COMMANDS = 
  $ ./config.status src/Alg/Makefile depfiles

on lamberta-XPS-13-7390

config.status:1287: creating src/Alg/Makefile
config.status:1516: executing depfiles commands

## ---------------------- ##
## Running config.status. ##
## ---------------------- ##

This file was extended by smiqp config.status 1.0, which was
generated by GNU Autoconf 2.69.  Invocation command line was

  CONFIG_FILES    = 
  CONFIG_HEADERS  = 
  CONFIG_LINKS    = 
  CONFIG_COMMANDS = 
  $ ./config.status Makefile

on lamberta-XPS-13-7390

config.status:1287: creating Makefile

## ---------------------- ##
## Running config.status. ##
## ---------------------- ##

This file was extended by smiqp config.status 1.0, which was
generated by GNU Autoconf 2.69.  Invocation command line was

  CONFIG_FILES    = 
  CONFIG_HEADERS  = 
  CONFIG_LINKS    = 
  CONFIG_COMMANDS = 
  $ ./config.status src/Declarations/Makefile depfiles

on lamberta-XPS-13-7390

config.status:1287: creating src/Declarations/Makefile
config.status:1516: executing depfiles commands

## ---------------------- ##
## Running config.status. ##
## ---------------------- ##

This file was extended by smiqp config.status 1.0, which was
generated by GNU Autoconf 2.69.  Invocation command line was

  CONFIG_FILES    = 
  CONFIG_HEADERS  = 
  CONFIG_LINKS    = 
  CONFIG_COMMANDS = 
  $ ./config.status src/SdpSolver/Makefile depfiles

on lamberta-XPS-13-7390

config.status:1287: creating src/SdpSolver/Makefile
config.status:1516: executing depfiles commands

## ---------------------- ##
## Running config.status. ##
## ---------------------- ##

This file was extended by smiqp config.status 1.0, which was
generated by GNU Autoconf 2.69.  Invocation command line was

  CONFIG_FILES    = 
  CONFIG_HEADERS  = 
  CONFIG_LINKS    = 
  CONFIG_COMMANDS = 
  $ ./config.status src/Interfaces/Makefile depfiles

on lamberta-XPS-13-7390

config.status:1287: creating src/Interfaces/Makefile
config.status:1516: executing depfiles commands

## ---------------------- ##
## Running config.status. ##
## ---------------------- ##

This file was extended by smiqp config.status 1.0, which was
generated by GNU Autoconf 2.69.  Invocation command line was

  CONFIG_FILES    = 
  CONFIG_HEADERS  = 
  CONFIG_LINKS    = 
  CONFIG_COMMANDS = 
  $ ./config.status src/Interfaces/Ipopt/Makefile depfiles

on lamberta-XPS-13-7390

config.status:1287: creating src/Interfaces/Ipopt/Makefile
config.status:1516: executing depfiles commands

## ---------------------- ##
## Running config.status. ##
## ---------------------- ##

This file was extended by smiqp config.status 1.0, which was
generated by GNU Autoconf 2.69.  Invocation command line was

  CONFIG_FILES    = 
  CONFIG_HEADERS  = 
  CONFIG_LINKS    = 
  CONFIG_COMMANDS = 
  $ ./config.status src/Interfaces/Scip/Makefile depfiles

on lamberta-XPS-13-7390

config.status:1287: creating src/Interfaces/Scip/Makefile
config.status:1516: executing depfiles commands

## ---------------------- ##
## Running config.status. ##
## ---------------------- ##

This file was extended by smiqp config.status 1.0, which was
generated by GNU Autoconf 2.69.  Invocation command line was

  CONFIG_FILES    = 
  CONFIG_HEADERS  = 
  CONFIG_LINKS    = 
  CONFIG_COMMANDS = 
  $ ./config.status src/Interfaces/Cplex/Makefile depfiles

on lamberta-XPS-13-7390

config.status:1287: creating src/Interfaces/Cplex/Makefile
config.status:1516: executing depfiles commands

## ---------------------- ##
## Running config.status. ##
## ---------------------- ##

This file was extended by smiqp config.status 1.0, which was
generated by GNU Autoconf 2.69.  Invocation command line was

  CONFIG_FILES    = 
  CONFIG_HEADERS  = 
  CONFIG_LINKS    = 
  CONFIG_COMMANDS = 
  $ ./config.status src/Alg/Makefile depfiles

on lamberta-XPS-13-7390

config.status:1287: creating src/Alg/Makefile
config.status:1516: executing depfiles commands
