This file contains any messages produced by compilers while
running configure, to aid debugging if configure makes a mistake.

It was created by Ipopt configure 3.13.0, which was
generated by GNU Autoconf 2.69.  Invocation command line was

  $ ./configure --disable-option-checking --prefix=/usr/local --with-cplex-cflags=/opt/ibm/ILOG/CPLEX_Studio129/cplex/include --with-cplex-lflags=/opt/ibm/ILOG/CPLEX_Studio129/cplex/lib/x86-64_linux/static_pic --with-scip-lflags=/usr/local/include/scip --with-scip-cflags=/usr/local/lib --cache-file=/dev/null --srcdir=.

## --------- ##
## Platform. ##
## --------- ##

hostname = lamberta-XPS-13-7390
uname -m = x86_64
uname -r = 5.4.0-050400-generic
uname -s = Linux
uname -v = #201911242031 SMP Mon Nov 25 01:35:10 UTC 2019

/usr/bin/uname -p = unknown
/bin/uname -X     = unknown

/bin/arch              = unknown
/usr/bin/arch -k       = unknown
/usr/convex/getsysinfo = unknown
/usr/bin/hostinfo      = unknown
/bin/machine           = unknown
/usr/bin/oslevel       = unknown
/bin/universe          = unknown

PATH: /usr/local/sbin
PATH: /usr/local/bin
PATH: /usr/sbin
PATH: /usr/bin
PATH: /sbin
PATH: /bin
PATH: /usr/games
PATH: /usr/local/games
PATH: /snap/bin
PATH: /home/lamberta/local2/bin
PATH: /home/lamberta/Bureau/test/Miqcr-1.0/src/Alg
PATH: /home/lamberta/gams/gams24.8_linux_x64_64_sfx
PATH: /home/lamberta/baron-lin64
PATH: /home/lamberta/glpk-4.57
PATH: /opt/ibm/ILOG/CPLEX_Studio129/cplex/bin/x86-64_linux/
PATH: /opt/ibm/ILOG/CPLEX_Studio129/opl/bin/x86-64_linux
PATH: /home/lamberta/scipoptsuite-6.0.2/scip/bin
PATH: /opt/ampl/


## ----------- ##
## Core tests. ##
## ----------- ##

configure:3039: checking build system type
configure:3053: result: x86_64-pc-linux-gnu
configure:3186: checking host system type
configure:3199: result: x86_64-pc-linux-gnu
configure:3235: checking for a BSD-compatible install
configure:3303: result: /usr/bin/install -c
configure:3314: checking whether build environment is sane
configure:3369: result: yes
configure:3520: checking for a thread-safe mkdir -p
configure:3559: result: /bin/mkdir -p
configure:3566: checking for gawk
configure:3582: found /usr/bin/gawk
configure:3593: result: gawk
configure:3604: checking whether make sets $(MAKE)
configure:3626: result: yes
configure:3733: checking whether make supports nested variables
configure:3750: result: yes
configure:3878: checking whether to enable maintainer-specific portions of Makefiles
configure:3887: result: no
configure:3932: checking whether make supports the include directive
configure:3947: make -f confmf.GNU && cat confinc.out
this is the am__doit target
configure:3950: $? = 0
configure:3969: result: yes (GNU style)
configure:4110: checking for gcc
configure:4126: found /usr/bin/gcc
configure:4137: result: gcc
configure:4168: checking for C compiler version
configure:4177: gcc --version >&5
gcc (Ubuntu 7.5.0-3ubuntu1~18.04) 7.5.0
Copyright (C) 2017 Free Software Foundation, Inc.
This is free software; see the source for copying conditions.  There is NO
warranty; not even for MERCHANTABILITY or FITNESS FOR A PARTICULAR PURPOSE.

configure:4188: $? = 0
configure:4177: gcc -v >&5
Using built-in specs.
COLLECT_GCC=gcc
COLLECT_LTO_WRAPPER=/usr/lib/gcc/x86_64-linux-gnu/7/lto-wrapper
OFFLOAD_TARGET_NAMES=nvptx-none
OFFLOAD_TARGET_DEFAULT=1
Target: x86_64-linux-gnu
Configured with: ../src/configure -v --with-pkgversion='Ubuntu 7.5.0-3ubuntu1~18.04' --with-bugurl=file:///usr/share/doc/gcc-7/README.Bugs --enable-languages=c,ada,c++,go,brig,d,fortran,objc,obj-c++ --prefix=/usr --with-gcc-major-version-only --program-suffix=-7 --program-prefix=x86_64-linux-gnu- --enable-shared --enable-linker-build-id --libexecdir=/usr/lib --without-included-gettext --enable-threads=posix --libdir=/usr/lib --enable-nls --enable-bootstrap --enable-clocale=gnu --enable-libstdcxx-debug --enable-libstdcxx-time=yes --with-default-libstdcxx-abi=new --enable-gnu-unique-object --disable-vtable-verify --enable-libmpx --enable-plugin --enable-default-pie --with-system-zlib --with-target-system-zlib --enable-objc-gc=auto --enable-multiarch --disable-werror --with-arch-32=i686 --with-abi=m64 --with-multilib-list=m32,m64,mx32 --enable-multilib --with-tune=generic --enable-offload-targets=nvptx-none --without-cuda-driver --enable-checking=release --build=x86_64-linux-gnu --host=x86_64-linux-gnu --target=x86_64-linux-gnu
Thread model: posix
gcc version 7.5.0 (Ubuntu 7.5.0-3ubuntu1~18.04) 
configure:4188: $? = 0
configure:4177: gcc -V >&5
gcc: error: unrecognized command line option '-V'
gcc: fatal error: no input files
compilation terminated.
configure:4188: $? = 1
configure:4177: gcc -qversion >&5
gcc: error: unrecognized command line option '-qversion'; did you mean '--version'?
gcc: fatal error: no input files
compilation terminated.
configure:4188: $? = 1
configure:4208: checking whether the C compiler works
configure:4230: gcc -O2 -DNDEBUG   conftest.c  >&5
configure:4234: $? = 0
configure:4282: result: yes
configure:4285: checking for C compiler default output file name
configure:4287: result: a.out
configure:4293: checking for suffix of executables
configure:4300: gcc -o conftest -O2 -DNDEBUG   conftest.c  >&5
configure:4304: $? = 0
configure:4326: result: 
configure:4348: checking whether we are cross compiling
configure:4356: gcc -o conftest -O2 -DNDEBUG   conftest.c  >&5
configure:4360: $? = 0
configure:4367: ./conftest
configure:4371: $? = 0
configure:4386: result: no
configure:4391: checking for suffix of object files
configure:4413: gcc -c -O2 -DNDEBUG  conftest.c >&5
configure:4417: $? = 0
configure:4438: result: o
configure:4442: checking whether we are using the GNU C compiler
configure:4461: gcc -c -O2 -DNDEBUG  conftest.c >&5
configure:4461: $? = 0
configure:4470: result: yes
configure:4479: checking whether gcc accepts -g
configure:4499: gcc -c -g  conftest.c >&5
configure:4499: $? = 0
configure:4540: result: yes
configure:4557: checking for gcc option to accept ISO C89
configure:4620: gcc  -c -O2 -DNDEBUG  conftest.c >&5
configure:4620: $? = 0
configure:4633: result: none needed
configure:4658: checking whether gcc understands -c and -o together
configure:4680: gcc -c conftest.c -o conftest2.o
configure:4683: $? = 0
configure:4680: gcc -c conftest.c -o conftest2.o
configure:4683: $? = 0
configure:4695: result: yes
configure:4714: checking dependency style of gcc
configure:4825: result: gcc3
configure:4960: checking for g++
configure:4976: found /usr/bin/g++
configure:4987: result: g++
configure:5014: checking for C++ compiler version
configure:5023: g++ --version >&5
g++ (Ubuntu 7.5.0-3ubuntu1~18.04) 7.5.0
Copyright (C) 2017 Free Software Foundation, Inc.
This is free software; see the source for copying conditions.  There is NO
warranty; not even for MERCHANTABILITY or FITNESS FOR A PARTICULAR PURPOSE.

configure:5034: $? = 0
configure:5023: g++ -v >&5
Using built-in specs.
COLLECT_GCC=g++
COLLECT_LTO_WRAPPER=/usr/lib/gcc/x86_64-linux-gnu/7/lto-wrapper
OFFLOAD_TARGET_NAMES=nvptx-none
OFFLOAD_TARGET_DEFAULT=1
Target: x86_64-linux-gnu
Configured with: ../src/configure -v --with-pkgversion='Ubuntu 7.5.0-3ubuntu1~18.04' --with-bugurl=file:///usr/share/doc/gcc-7/README.Bugs --enable-languages=c,ada,c++,go,brig,d,fortran,objc,obj-c++ --prefix=/usr --with-gcc-major-version-only --program-suffix=-7 --program-prefix=x86_64-linux-gnu- --enable-shared --enable-linker-build-id --libexecdir=/usr/lib --without-included-gettext --enable-threads=posix --libdir=/usr/lib --enable-nls --enable-bootstrap --enable-clocale=gnu --enable-libstdcxx-debug --enable-libstdcxx-time=yes --with-default-libstdcxx-abi=new --enable-gnu-unique-object --disable-vtable-verify --enable-libmpx --enable-plugin --enable-default-pie --with-system-zlib --with-target-system-zlib --enable-objc-gc=auto --enable-multiarch --disable-werror --with-arch-32=i686 --with-abi=m64 --with-multilib-list=m32,m64,mx32 --enable-multilib --with-tune=generic --enable-offload-targets=nvptx-none --without-cuda-driver --enable-checking=release --build=x86_64-linux-gnu --host=x86_64-linux-gnu --target=x86_64-linux-gnu
Thread model: posix
gcc version 7.5.0 (Ubuntu 7.5.0-3ubuntu1~18.04) 
configure:5034: $? = 0
configure:5023: g++ -V >&5
g++: error: unrecognized command line option '-V'
g++: fatal error: no input files
compilation terminated.
configure:5034: $? = 1
configure:5023: g++ -qversion >&5
g++: error: unrecognized command line option '-qversion'; did you mean '--version'?
g++: fatal error: no input files
compilation terminated.
configure:5034: $? = 1
configure:5038: checking whether we are using the GNU C++ compiler
configure:5057: g++ -c -O2 -DNDEBUG  conftest.cpp >&5
configure:5057: $? = 0
configure:5066: result: yes
configure:5075: checking whether g++ accepts -g
configure:5095: g++ -c -g  conftest.cpp >&5
configure:5095: $? = 0
configure:5136: result: yes
configure:5161: checking dependency style of g++
configure:5272: result: gcc3
configure:5294: checking whether g++ understands -c and -o together
configure:5318: g++ -O2 -DNDEBUG -c conftest.cpp -o conftest2.o >&5
configure:5322: $? = 0
configure:5329: g++ -O2 -DNDEBUG -c conftest.cpp -o conftest2.o >&5
configure:5333: $? = 0
configure:5341: result: yes
configure:5482: checking for gfortran
configure:5498: found /usr/bin/gfortran
configure:5509: result: gfortran
configure:5535: checking for Fortran 77 compiler version
configure:5544: gfortran --version >&5
GNU Fortran (Ubuntu 7.5.0-3ubuntu1~18.04) 7.5.0
Copyright (C) 2017 Free Software Foundation, Inc.
This is free software; see the source for copying conditions.  There is NO
warranty; not even for MERCHANTABILITY or FITNESS FOR A PARTICULAR PURPOSE.

configure:5555: $? = 0
configure:5544: gfortran -v >&5
Using built-in specs.
COLLECT_GCC=gfortran
COLLECT_LTO_WRAPPER=/usr/lib/gcc/x86_64-linux-gnu/7/lto-wrapper
OFFLOAD_TARGET_NAMES=nvptx-none
OFFLOAD_TARGET_DEFAULT=1
Target: x86_64-linux-gnu
Configured with: ../src/configure -v --with-pkgversion='Ubuntu 7.5.0-3ubuntu1~18.04' --with-bugurl=file:///usr/share/doc/gcc-7/README.Bugs --enable-languages=c,ada,c++,go,brig,d,fortran,objc,obj-c++ --prefix=/usr --with-gcc-major-version-only --program-suffix=-7 --program-prefix=x86_64-linux-gnu- --enable-shared --enable-linker-build-id --libexecdir=/usr/lib --without-included-gettext --enable-threads=posix --libdir=/usr/lib --enable-nls --enable-bootstrap --enable-clocale=gnu --enable-libstdcxx-debug --enable-libstdcxx-time=yes --with-default-libstdcxx-abi=new --enable-gnu-unique-object --disable-vtable-verify --enable-libmpx --enable-plugin --enable-default-pie --with-system-zlib --with-target-system-zlib --enable-objc-gc=auto --enable-multiarch --disable-werror --with-arch-32=i686 --with-abi=m64 --with-multilib-list=m32,m64,mx32 --enable-multilib --with-tune=generic --enable-offload-targets=nvptx-none --without-cuda-driver --enable-checking=release --build=x86_64-linux-gnu --host=x86_64-linux-gnu --target=x86_64-linux-gnu
Thread model: posix
gcc version 7.5.0 (Ubuntu 7.5.0-3ubuntu1~18.04) 
configure:5555: $? = 0
configure:5544: gfortran -V >&5
gfortran: error: unrecognized command line option '-V'
gfortran: fatal error: no input files
compilation terminated.
configure:5555: $? = 1
configure:5544: gfortran -qversion >&5
gfortran: error: unrecognized command line option '-qversion'; did you mean '--version'?
gfortran: fatal error: no input files
compilation terminated.
configure:5555: $? = 1
configure:5564: checking whether we are using the GNU Fortran 77 compiler
configure:5577: gfortran -c -O2 conftest.F >&5
configure:5577: $? = 0
configure:5586: result: yes
configure:5592: checking whether gfortran accepts -g
configure:5603: gfortran -c -g conftest.f >&5
configure:5603: $? = 0
configure:5611: result: yes
configure:5666: checking how to get verbose linking output from gfortran
configure:5676: gfortran -c -O2 conftest.f >&5
configure:5676: $? = 0
configure:5694: gfortran -o conftest -O2 -v conftest.f
Using built-in specs.
Target: x86_64-linux-gnu
Thread model: posix
gcc version 7.5.0 (Ubuntu 7.5.0-3ubuntu1~18.04) 
 /usr/lib/gcc/x86_64-linux-gnu/7/f951 conftest.f -ffixed-form -quiet -dumpbase conftest.f -mtune=generic -march=x86-64 -auxbase conftest -O2 -version -fintrinsic-modules-path /usr/lib/gcc/x86_64-linux-gnu/7/finclude -o /tmp/ccaVb6sD.s
GNU Fortran (Ubuntu 7.5.0-3ubuntu1~18.04) version 7.5.0 (x86_64-linux-gnu)
	compiled by GNU C version 7.5.0, GMP version 6.1.2, MPFR version 4.0.1, MPC version 1.1.0, isl version isl-0.19-GMP

GGC heuristics: --param ggc-min-expand=100 --param ggc-min-heapsize=131072
GNU Fortran2008 (Ubuntu 7.5.0-3ubuntu1~18.04) version 7.5.0 (x86_64-linux-gnu)
	compiled by GNU C version 7.5.0, GMP version 6.1.2, MPFR version 4.0.1, MPC version 1.1.0, isl version isl-0.19-GMP

GGC heuristics: --param ggc-min-expand=100 --param ggc-min-heapsize=131072
 as -v --64 -o /tmp/cc4ML1SZ.o /tmp/ccaVb6sD.s
GNU assembler version 2.30 (x86_64-linux-gnu) using BFD version (GNU Binutils for Ubuntu) 2.30
Reading specs from /usr/lib/gcc/x86_64-linux-gnu/7/libgfortran.spec
rename spec lib to liborig
 /usr/lib/gcc/x86_64-linux-gnu/7/collect2 -plugin /usr/lib/gcc/x86_64-linux-gnu/7/liblto_plugin.so -plugin-opt=/usr/lib/gcc/x86_64-linux-gnu/7/lto-wrapper -plugin-opt=-fresolution=/tmp/ccuBqDjm.res -plugin-opt=-pass-through=-lgcc_s -plugin-opt=-pass-through=-lgcc -plugin-opt=-pass-through=-lquadmath -plugin-opt=-pass-through=-lm -plugin-opt=-pass-through=-lgcc_s -plugin-opt=-pass-through=-lgcc -plugin-opt=-pass-through=-lc -plugin-opt=-pass-through=-lgcc_s -plugin-opt=-pass-through=-lgcc --build-id --eh-frame-hdr -m elf_x86_64 --hash-style=gnu --as-needed -dynamic-linker /lib64/ld-linux-x86-64.so.2 -pie -z now -z relro -o conftest /usr/lib/gcc/x86_64-linux-gnu/7/../../../x86_64-linux-gnu/Scrt1.o /usr/lib/gcc/x86_64-linux-gnu/7/../../../x86_64-linux-gnu/crti.o /usr/lib/gcc/x86_64-linux-gnu/7/crtbeginS.o -L/usr/lib/gcc/x86_64-linux-gnu/7 -L/usr/lib/gcc/x86_64-linux-gnu/7/../../../x86_64-linux-gnu -L/usr/lib/gcc/x86_64-linux-gnu/7/../../../../lib -L/lib/x86_64-linux-gnu -L/lib/../lib -L/usr/lib/x86_64-linux-gnu -L/usr/lib/../lib -L/usr/lib/gcc/x86_64-linux-gnu/7/../../.. /tmp/cc4ML1SZ.o -lgfortran -lm -lgcc_s -lgcc -lquadmath -lm -lgcc_s -lgcc -lc -lgcc_s -lgcc /usr/lib/gcc/x86_64-linux-gnu/7/crtendS.o /usr/lib/gcc/x86_64-linux-gnu/7/../../../x86_64-linux-gnu/crtn.o
configure:5777: result: -v
configure:5779: checking for Fortran 77 libraries of gfortran
configure:5802: gfortran -o conftest -O2 -v conftest.f
Using built-in specs.
Target: x86_64-linux-gnu
Thread model: posix
gcc version 7.5.0 (Ubuntu 7.5.0-3ubuntu1~18.04) 
 /usr/lib/gcc/x86_64-linux-gnu/7/f951 conftest.f -ffixed-form -quiet -dumpbase conftest.f -mtune=generic -march=x86-64 -auxbase conftest -O2 -version -fintrinsic-modules-path /usr/lib/gcc/x86_64-linux-gnu/7/finclude -o /tmp/ccQ8JmFx.s
GNU Fortran (Ubuntu 7.5.0-3ubuntu1~18.04) version 7.5.0 (x86_64-linux-gnu)
	compiled by GNU C version 7.5.0, GMP version 6.1.2, MPFR version 4.0.1, MPC version 1.1.0, isl version isl-0.19-GMP

GGC heuristics: --param ggc-min-expand=100 --param ggc-min-heapsize=131072
GNU Fortran2008 (Ubuntu 7.5.0-3ubuntu1~18.04) version 7.5.0 (x86_64-linux-gnu)
	compiled by GNU C version 7.5.0, GMP version 6.1.2, MPFR version 4.0.1, MPC version 1.1.0, isl version isl-0.19-GMP

GGC heuristics: --param ggc-min-expand=100 --param ggc-min-heapsize=131072
 as -v --64 -o /tmp/ccV6NBcU.o /tmp/ccQ8JmFx.s
GNU assembler version 2.30 (x86_64-linux-gnu) using BFD version (GNU Binutils for Ubuntu) 2.30
Reading specs from /usr/lib/gcc/x86_64-linux-gnu/7/libgfortran.spec
rename spec lib to liborig
 /usr/lib/gcc/x86_64-linux-gnu/7/collect2 -plugin /usr/lib/gcc/x86_64-linux-gnu/7/liblto_plugin.so -plugin-opt=/usr/lib/gcc/x86_64-linux-gnu/7/lto-wrapper -plugin-opt=-fresolution=/tmp/cc2FttKg.res -plugin-opt=-pass-through=-lgcc_s -plugin-opt=-pass-through=-lgcc -plugin-opt=-pass-through=-lquadmath -plugin-opt=-pass-through=-lm -plugin-opt=-pass-through=-lgcc_s -plugin-opt=-pass-through=-lgcc -plugin-opt=-pass-through=-lc -plugin-opt=-pass-through=-lgcc_s -plugin-opt=-pass-through=-lgcc --build-id --eh-frame-hdr -m elf_x86_64 --hash-style=gnu --as-needed -dynamic-linker /lib64/ld-linux-x86-64.so.2 -pie -z now -z relro -o conftest /usr/lib/gcc/x86_64-linux-gnu/7/../../../x86_64-linux-gnu/Scrt1.o /usr/lib/gcc/x86_64-linux-gnu/7/../../../x86_64-linux-gnu/crti.o /usr/lib/gcc/x86_64-linux-gnu/7/crtbeginS.o -L/usr/lib/gcc/x86_64-linux-gnu/7 -L/usr/lib/gcc/x86_64-linux-gnu/7/../../../x86_64-linux-gnu -L/usr/lib/gcc/x86_64-linux-gnu/7/../../../../lib -L/lib/x86_64-linux-gnu -L/lib/../lib -L/usr/lib/x86_64-linux-gnu -L/usr/lib/../lib -L/usr/lib/gcc/x86_64-linux-gnu/7/../../.. /tmp/ccV6NBcU.o -lgfortran -lm -lgcc_s -lgcc -lquadmath -lm -lgcc_s -lgcc -lc -lgcc_s -lgcc /usr/lib/gcc/x86_64-linux-gnu/7/crtendS.o /usr/lib/gcc/x86_64-linux-gnu/7/../../../x86_64-linux-gnu/crtn.o
configure:5998: result:  -L/usr/lib/gcc/x86_64-linux-gnu/7 -L/usr/lib/gcc/x86_64-linux-gnu/7/../../../x86_64-linux-gnu -L/usr/lib/gcc/x86_64-linux-gnu/7/../../../../lib -L/lib/x86_64-linux-gnu -L/lib/../lib -L/usr/lib/x86_64-linux-gnu -L/usr/lib/../lib -L/usr/lib/gcc/x86_64-linux-gnu/7/../../.. -lgfortran -lm -lquadmath
configure:6015: checking for dummy main to link with Fortran 77 libraries
configure:6049: gcc -o conftest -O2 -DNDEBUG   conftest.c   -L/usr/lib/gcc/x86_64-linux-gnu/7 -L/usr/lib/gcc/x86_64-linux-gnu/7/../../../x86_64-linux-gnu -L/usr/lib/gcc/x86_64-linux-gnu/7/../../../../lib -L/lib/x86_64-linux-gnu -L/lib/../lib -L/usr/lib/x86_64-linux-gnu -L/usr/lib/../lib -L/usr/lib/gcc/x86_64-linux-gnu/7/../../.. -lgfortran -lm -lquadmath >&5
configure:6049: $? = 0
configure:6094: result: none
configure:6127: checking for Fortran 77 name-mangling scheme
configure:6140: gfortran -c -O2 conftest.f >&5
configure:6140: $? = 0
configure:6181: gcc -o conftest -O2 -DNDEBUG   conftest.c cfortran_test.o   -L/usr/lib/gcc/x86_64-linux-gnu/7 -L/usr/lib/gcc/x86_64-linux-gnu/7/../../../x86_64-linux-gnu -L/usr/lib/gcc/x86_64-linux-gnu/7/../../../../lib -L/lib/x86_64-linux-gnu -L/lib/../lib -L/usr/lib/x86_64-linux-gnu -L/usr/lib/../lib -L/usr/lib/gcc/x86_64-linux-gnu/7/../../.. -lgfortran -lm -lquadmath >&5
/tmp/ccdQvJI1.o: In function `main':
conftest.c:(.text.startup+0x7): undefined reference to `foobar'
collect2: error: ld returned 1 exit status
configure:6181: $? = 1
configure: failed program was:
| /* confdefs.h */
| #define PACKAGE_NAME "Ipopt"
| #define PACKAGE_TARNAME "ipopt"
| #define PACKAGE_VERSION "3.13.0"
| #define PACKAGE_STRING "Ipopt 3.13.0"
| #define PACKAGE_BUGREPORT "https://github.com/coin-or/Ipopt/issues/new"
| #define PACKAGE_URL "https://github.com/coin-or/Ipopt"
| #define IPOPT_VERSION "3.13.0"
| #define IPOPT_VERSION_MAJOR 3
| #define IPOPT_VERSION_MINOR 13
| #define IPOPT_VERSION_RELEASE 0
| /* end confdefs.h.  */
| 
| /* Override any GCC internal prototype to avoid an error.
|    Use char because int might match the return type of a GCC
|    builtin and then its argument prototype would still apply.  */
| #ifdef __cplusplus
| extern "C"
| #endif
| char foobar ();
| #ifdef F77_DUMMY_MAIN
| 
| #  ifdef __cplusplus
|      extern "C"
| #  endif
|    int F77_DUMMY_MAIN() { return 1; }
| 
| #endif
| int
| main ()
| {
| return foobar ();
|   ;
|   return 0;
| }
configure:6181: gcc -o conftest -O2 -DNDEBUG   conftest.c cfortran_test.o   -L/usr/lib/gcc/x86_64-linux-gnu/7 -L/usr/lib/gcc/x86_64-linux-gnu/7/../../../x86_64-linux-gnu -L/usr/lib/gcc/x86_64-linux-gnu/7/../../../../lib -L/lib/x86_64-linux-gnu -L/lib/../lib -L/usr/lib/x86_64-linux-gnu -L/usr/lib/../lib -L/usr/lib/gcc/x86_64-linux-gnu/7/../../.. -lgfortran -lm -lquadmath >&5
configure:6181: $? = 0
configure:6239: gcc -o conftest -O2 -DNDEBUG   conftest.c cfortran_test.o   -L/usr/lib/gcc/x86_64-linux-gnu/7 -L/usr/lib/gcc/x86_64-linux-gnu/7/../../../x86_64-linux-gnu -L/usr/lib/gcc/x86_64-linux-gnu/7/../../../../lib -L/lib/x86_64-linux-gnu -L/lib/../lib -L/usr/lib/x86_64-linux-gnu -L/usr/lib/../lib -L/usr/lib/gcc/x86_64-linux-gnu/7/../../.. -lgfortran -lm -lquadmath >&5
configure:6239: $? = 0
configure:6281: result: lower case, underscore, no extra underscore
configure:6358: checking whether gfortran understands -c and -o together
configure:6376: gfortran -O2 -c conftest.f -o conftest2.o >&5
configure:6380: $? = 0
configure:6387: gfortran -O2 -c conftest.f -o conftest2.o >&5
configure:6391: $? = 0
configure:6399: result: yes
configure:6472: checking how to print strings
configure:6499: result: printf
configure:6520: checking for a sed that does not truncate output
configure:6584: result: /bin/sed
configure:6602: checking for grep that handles long lines and -e
configure:6660: result: /bin/grep
configure:6665: checking for egrep
configure:6727: result: /bin/grep -E
configure:6732: checking for fgrep
configure:6794: result: /bin/grep -F
configure:6829: checking for ld used by gcc
configure:6896: result: /usr/bin/ld
configure:6903: checking if the linker (/usr/bin/ld) is GNU ld
configure:6918: result: yes
configure:6930: checking for BSD- or MS-compatible name lister (nm)
configure:6984: result: /usr/bin/nm -B
configure:7114: checking the name lister (/usr/bin/nm -B) interface
configure:7121: gcc -c -O2 -DNDEBUG  conftest.c >&5
configure:7124: /usr/bin/nm -B "conftest.o"
configure:7127: output
0000000000000000 B some_variable
configure:7134: result: BSD nm
configure:7137: checking whether ln -s works
configure:7141: result: yes
configure:7149: checking the maximum length of command line arguments
configure:7280: result: 1572864
configure:7328: checking how to convert x86_64-pc-linux-gnu file names to x86_64-pc-linux-gnu format
configure:7368: result: func_convert_file_noop
configure:7375: checking how to convert x86_64-pc-linux-gnu file names to toolchain format
configure:7395: result: func_convert_file_noop
configure:7402: checking for /usr/bin/ld option to reload object files
configure:7409: result: -r
configure:7483: checking for objdump
configure:7499: found /usr/bin/objdump
configure:7510: result: objdump
configure:7539: checking how to recognize dependent libraries
configure:7739: result: pass_all
configure:7824: checking for dlltool
configure:7854: result: no
configure:7881: checking how to associate runtime and link libraries
configure:7908: result: printf %s\n
configure:7968: checking for ar
configure:7984: found /usr/bin/ar
configure:7995: result: ar
configure:8032: checking for archiver @FILE support
configure:8057: gcc -c -O2 -DNDEBUG  conftest.c >&5
configure:8057: $? = 0
configure:8060: ar cru libconftest.a @conftest.lst >&5
ar: `u' modifier ignored since `D' is the default (see `U')
configure:8063: $? = 0
configure:8068: ar cru libconftest.a @conftest.lst >&5
ar: `u' modifier ignored since `D' is the default (see `U')
ar: conftest.o: No such file or directory
configure:8071: $? = 1
configure:8083: result: @
configure:8141: checking for strip
configure:8157: found /usr/bin/strip
configure:8168: result: strip
configure:8240: checking for ranlib
configure:8256: found /usr/bin/ranlib
configure:8267: result: ranlib
configure:8369: checking command to parse /usr/bin/nm -B output from gcc object
configure:8522: gcc -c -O2 -DNDEBUG  conftest.c >&5
configure:8525: $? = 0
configure:8529: /usr/bin/nm -B conftest.o \| sed -n -e 's/^.*[ ]\([ABCDGIRSTW][ABCDGIRSTW]*\)[ ][ ]*\([_A-Za-z][_A-Za-z0-9]*\)$/\1 \2 \2/p' | sed '/ __gnu_lto/d' \> conftest.nm
configure:8532: $? = 0
configure:8598: gcc -o conftest -O2 -DNDEBUG   conftest.c conftstm.o >&5
configure:8601: $? = 0
configure:8639: result: ok
configure:8686: checking for sysroot
configure:8716: result: no
configure:8723: checking for a working dd
configure:8761: result: /bin/dd
configure:8765: checking how to truncate binary pipes
configure:8780: result: /bin/dd bs=4096 count=1
configure:8916: gcc -c -O2 -DNDEBUG  conftest.c >&5
configure:8919: $? = 0
configure:9117: checking for mt
configure:9133: found /bin/mt
configure:9144: result: mt
configure:9167: checking if mt is a manifest tool
configure:9173: mt '-?'
configure:9181: result: no
configure:9866: checking how to run the C preprocessor
configure:9897: gcc -E  conftest.c
configure:9897: $? = 0
configure:9911: gcc -E  conftest.c
conftest.c:15:10: fatal error: ac_nonexistent.h: No such file or directory
 #include <ac_nonexistent.h>
          ^~~~~~~~~~~~~~~~~~
compilation terminated.
configure:9911: $? = 1
configure: failed program was:
| /* confdefs.h */
| #define PACKAGE_NAME "Ipopt"
| #define PACKAGE_TARNAME "ipopt"
| #define PACKAGE_VERSION "3.13.0"
| #define PACKAGE_STRING "Ipopt 3.13.0"
| #define PACKAGE_BUGREPORT "https://github.com/coin-or/Ipopt/issues/new"
| #define PACKAGE_URL "https://github.com/coin-or/Ipopt"
| #define IPOPT_VERSION "3.13.0"
| #define IPOPT_VERSION_MAJOR 3
| #define IPOPT_VERSION_MINOR 13
| #define IPOPT_VERSION_RELEASE 0
| #define F77_FUNC(name,NAME) name ## _
| #define F77_FUNC_(name,NAME) name ## _
| /* end confdefs.h.  */
| #include <ac_nonexistent.h>
configure:9936: result: gcc -E
configure:9956: gcc -E  conftest.c
configure:9956: $? = 0
configure:9970: gcc -E  conftest.c
conftest.c:15:10: fatal error: ac_nonexistent.h: No such file or directory
 #include <ac_nonexistent.h>
          ^~~~~~~~~~~~~~~~~~
compilation terminated.
configure:9970: $? = 1
configure: failed program was:
| /* confdefs.h */
| #define PACKAGE_NAME "Ipopt"
| #define PACKAGE_TARNAME "ipopt"
| #define PACKAGE_VERSION "3.13.0"
| #define PACKAGE_STRING "Ipopt 3.13.0"
| #define PACKAGE_BUGREPORT "https://github.com/coin-or/Ipopt/issues/new"
| #define PACKAGE_URL "https://github.com/coin-or/Ipopt"
| #define IPOPT_VERSION "3.13.0"
| #define IPOPT_VERSION_MAJOR 3
| #define IPOPT_VERSION_MINOR 13
| #define IPOPT_VERSION_RELEASE 0
| #define F77_FUNC(name,NAME) name ## _
| #define F77_FUNC_(name,NAME) name ## _
| /* end confdefs.h.  */
| #include <ac_nonexistent.h>
configure:9999: checking for ANSI C header files
configure:10027: gcc -c -O2 -DNDEBUG  conftest.c >&5
configure:10027: $? = 0
configure:10100: gcc -o conftest -O2 -DNDEBUG   conftest.c  >&5
configure:10100: $? = 0
configure:10100: ./conftest
configure:10100: $? = 0
configure:10111: result: yes
configure:10124: checking for sys/types.h
configure:10124: gcc -c -O2 -DNDEBUG  conftest.c >&5
configure:10124: $? = 0
configure:10124: result: yes
configure:10124: checking for sys/stat.h
configure:10124: gcc -c -O2 -DNDEBUG  conftest.c >&5
configure:10124: $? = 0
configure:10124: result: yes
configure:10124: checking for stdlib.h
configure:10124: gcc -c -O2 -DNDEBUG  conftest.c >&5
configure:10124: $? = 0
configure:10124: result: yes
configure:10124: checking for string.h
configure:10124: gcc -c -O2 -DNDEBUG  conftest.c >&5
configure:10124: $? = 0
configure:10124: result: yes
configure:10124: checking for memory.h
configure:10124: gcc -c -O2 -DNDEBUG  conftest.c >&5
configure:10124: $? = 0
configure:10124: result: yes
configure:10124: checking for strings.h
configure:10124: gcc -c -O2 -DNDEBUG  conftest.c >&5
configure:10124: $? = 0
configure:10124: result: yes
configure:10124: checking for inttypes.h
configure:10124: gcc -c -O2 -DNDEBUG  conftest.c >&5
configure:10124: $? = 0
configure:10124: result: yes
configure:10124: checking for stdint.h
configure:10124: gcc -c -O2 -DNDEBUG  conftest.c >&5
configure:10124: $? = 0
configure:10124: result: yes
configure:10124: checking for unistd.h
configure:10124: gcc -c -O2 -DNDEBUG  conftest.c >&5
configure:10124: $? = 0
configure:10124: result: yes
configure:10138: checking for dlfcn.h
configure:10138: gcc -c -O2 -DNDEBUG  conftest.c >&5
configure:10138: $? = 0
configure:10138: result: yes
configure:10704: checking for objdir
configure:10719: result: .libs
configure:10979: checking if gcc supports -fno-rtti -fno-exceptions
configure:10997: gcc -c -O2 -DNDEBUG  -fno-rtti -fno-exceptions conftest.c >&5
cc1: warning: command line option '-fno-rtti' is valid for C++/ObjC++ but not for C
configure:11001: $? = 0
configure:11014: result: no
configure:11372: checking for gcc option to produce PIC
configure:11379: result: -fPIC -DPIC
configure:11387: checking if gcc PIC flag -fPIC -DPIC works
configure:11405: gcc -c -O2 -DNDEBUG  -fPIC -DPIC -DPIC conftest.c >&5
configure:11409: $? = 0
configure:11422: result: yes
configure:11451: checking if gcc static flag -static works
configure:11479: result: yes
configure:11494: checking if gcc supports -c -o file.o
configure:11515: gcc -c -O2 -DNDEBUG  -o out/conftest2.o conftest.c >&5
configure:11519: $? = 0
configure:11541: result: yes
configure:11549: checking if gcc supports -c -o file.o
configure:11596: result: yes
configure:11629: checking whether the gcc linker (/usr/bin/ld -m elf_x86_64) supports shared libraries
configure:12904: result: yes
configure:12941: checking whether -lc should be explicitly linked in
configure:12949: gcc -c -O2 -DNDEBUG  conftest.c >&5
configure:12952: $? = 0
configure:12967: gcc -shared  -fPIC -DPIC conftest.o  -v -Wl,-soname -Wl,conftest -o conftest 2\>\&1 \| /bin/grep  -lc  \>/dev/null 2\>\&1
configure:12970: $? = 0
configure:12984: result: no
configure:13144: checking dynamic linker characteristics
configure:13733: gcc -o conftest -O2 -DNDEBUG   -Wl,-rpath -Wl,/foo conftest.c  >&5
configure:13733: $? = 0
configure:13970: result: GNU/Linux ld.so
configure:14092: checking how to hardcode library paths into programs
configure:14117: result: immediate
configure:14705: checking whether stripping libraries is possible
configure:14710: result: yes
configure:14745: checking if libtool supports shared libraries
configure:14747: result: yes
configure:14750: checking whether to build shared libraries
configure:14775: result: yes
configure:14778: checking whether to build static libraries
configure:14782: result: no
configure:14805: checking how to run the C++ preprocessor
configure:14832: g++ -E  conftest.cpp
configure:14832: $? = 0
configure:14846: g++ -E  conftest.cpp
conftest.cpp:27:10: fatal error: ac_nonexistent.h: No such file or directory
 #include <ac_nonexistent.h>
          ^~~~~~~~~~~~~~~~~~
compilation terminated.
configure:14846: $? = 1
configure: failed program was:
| /* confdefs.h */
| #define PACKAGE_NAME "Ipopt"
| #define PACKAGE_TARNAME "ipopt"
| #define PACKAGE_VERSION "3.13.0"
| #define PACKAGE_STRING "Ipopt 3.13.0"
| #define PACKAGE_BUGREPORT "https://github.com/coin-or/Ipopt/issues/new"
| #define PACKAGE_URL "https://github.com/coin-or/Ipopt"
| #define IPOPT_VERSION "3.13.0"
| #define IPOPT_VERSION_MAJOR 3
| #define IPOPT_VERSION_MINOR 13
| #define IPOPT_VERSION_RELEASE 0
| #define F77_FUNC(name,NAME) name ## _
| #define F77_FUNC_(name,NAME) name ## _
| #define STDC_HEADERS 1
| #define HAVE_SYS_TYPES_H 1
| #define HAVE_SYS_STAT_H 1
| #define HAVE_STDLIB_H 1
| #define HAVE_STRING_H 1
| #define HAVE_MEMORY_H 1
| #define HAVE_STRINGS_H 1
| #define HAVE_INTTYPES_H 1
| #define HAVE_STDINT_H 1
| #define HAVE_UNISTD_H 1
| #define HAVE_DLFCN_H 1
| #define LT_OBJDIR ".libs/"
| /* end confdefs.h.  */
| #include <ac_nonexistent.h>
configure:14871: result: g++ -E
configure:14891: g++ -E  conftest.cpp
configure:14891: $? = 0
configure:14905: g++ -E  conftest.cpp
conftest.cpp:27:10: fatal error: ac_nonexistent.h: No such file or directory
 #include <ac_nonexistent.h>
          ^~~~~~~~~~~~~~~~~~
compilation terminated.
configure:14905: $? = 1
configure: failed program was:
| /* confdefs.h */
| #define PACKAGE_NAME "Ipopt"
| #define PACKAGE_TARNAME "ipopt"
| #define PACKAGE_VERSION "3.13.0"
| #define PACKAGE_STRING "Ipopt 3.13.0"
| #define PACKAGE_BUGREPORT "https://github.com/coin-or/Ipopt/issues/new"
| #define PACKAGE_URL "https://github.com/coin-or/Ipopt"
| #define IPOPT_VERSION "3.13.0"
| #define IPOPT_VERSION_MAJOR 3
| #define IPOPT_VERSION_MINOR 13
| #define IPOPT_VERSION_RELEASE 0
| #define F77_FUNC(name,NAME) name ## _
| #define F77_FUNC_(name,NAME) name ## _
| #define STDC_HEADERS 1
| #define HAVE_SYS_TYPES_H 1
| #define HAVE_SYS_STAT_H 1
| #define HAVE_STDLIB_H 1
| #define HAVE_STRING_H 1
| #define HAVE_MEMORY_H 1
| #define HAVE_STRINGS_H 1
| #define HAVE_INTTYPES_H 1
| #define HAVE_STDINT_H 1
| #define HAVE_UNISTD_H 1
| #define HAVE_DLFCN_H 1
| #define LT_OBJDIR ".libs/"
| /* end confdefs.h.  */
| #include <ac_nonexistent.h>
configure:15067: checking for ld used by g++
configure:15134: result: /usr/bin/ld -m elf_x86_64
configure:15141: checking if the linker (/usr/bin/ld -m elf_x86_64) is GNU ld
configure:15156: result: yes
configure:15211: checking whether the g++ linker (/usr/bin/ld -m elf_x86_64) supports shared libraries
configure:16300: result: yes
configure:16336: g++ -c -O2 -DNDEBUG  conftest.cpp >&5
configure:16339: $? = 0
configure:16820: checking for g++ option to produce PIC
configure:16827: result: -fPIC -DPIC
configure:16835: checking if g++ PIC flag -fPIC -DPIC works
configure:16853: g++ -c -O2 -DNDEBUG  -fPIC -DPIC -DPIC conftest.cpp >&5
configure:16857: $? = 0
configure:16870: result: yes
configure:16893: checking if g++ static flag -static works
configure:16921: result: yes
configure:16933: checking if g++ supports -c -o file.o
configure:16954: g++ -c -O2 -DNDEBUG  -o out/conftest2.o conftest.cpp >&5
configure:16958: $? = 0
configure:16980: result: yes
configure:16985: checking if g++ supports -c -o file.o
configure:17032: result: yes
configure:17062: checking whether the g++ linker (/usr/bin/ld -m elf_x86_64) supports shared libraries
configure:17102: result: yes
configure:17243: checking dynamic linker characteristics
configure:17996: result: GNU/Linux ld.so
configure:18061: checking how to hardcode library paths into programs
configure:18086: result: immediate
configure:18227: checking if libtool supports shared libraries
configure:18229: result: yes
configure:18232: checking whether to build shared libraries
configure:18256: result: yes
configure:18259: checking whether to build static libraries
configure:18263: result: no
configure:18615: checking for gfortran option to produce PIC
configure:18622: result: -fPIC
configure:18630: checking if gfortran PIC flag -fPIC works
configure:18648: gfortran -c -O2 -fPIC conftest.f >&5
configure:18652: $? = 0
configure:18665: result: yes
configure:18688: checking if gfortran static flag -static works
configure:18716: result: yes
configure:18728: checking if gfortran supports -c -o file.o
configure:18749: gfortran -c -O2 -o out/conftest2.o conftest.f >&5
configure:18753: $? = 0
configure:18775: result: yes
configure:18780: checking if gfortran supports -c -o file.o
configure:18827: result: yes
configure:18857: checking whether the gfortran linker (/usr/bin/ld -m elf_x86_64) supports shared libraries
configure:20066: result: yes
configure:20207: checking dynamic linker characteristics
configure:20946: result: GNU/Linux ld.so
configure:21011: checking how to hardcode library paths into programs
configure:21036: result: immediate
configure:21139: libtool version info: -version-number 3:13:0
configure:21233: g++ -c -O2 -DNDEBUG  conftest.cpp >&5
conftest.cpp: In function 'int main()':
conftest.cpp:41:8: error: 'choke' was not declared in this scope
        choke me
        ^~~~~
configure:21233: $? = 1
configure: failed program was:
| /* confdefs.h */
| #define PACKAGE_NAME "Ipopt"
| #define PACKAGE_TARNAME "ipopt"
| #define PACKAGE_VERSION "3.13.0"
| #define PACKAGE_STRING "Ipopt 3.13.0"
| #define PACKAGE_BUGREPORT "https://github.com/coin-or/Ipopt/issues/new"
| #define PACKAGE_URL "https://github.com/coin-or/Ipopt"
| #define IPOPT_VERSION "3.13.0"
| #define IPOPT_VERSION_MAJOR 3
| #define IPOPT_VERSION_MINOR 13
| #define IPOPT_VERSION_RELEASE 0
| #define F77_FUNC(name,NAME) name ## _
| #define F77_FUNC_(name,NAME) name ## _
| #define STDC_HEADERS 1
| #define HAVE_SYS_TYPES_H 1
| #define HAVE_SYS_STAT_H 1
| #define HAVE_STDLIB_H 1
| #define HAVE_STRING_H 1
| #define HAVE_MEMORY_H 1
| #define HAVE_STRINGS_H 1
| #define HAVE_INTTYPES_H 1
| #define HAVE_STDINT_H 1
| #define HAVE_UNISTD_H 1
| #define HAVE_DLFCN_H 1
| #define LT_OBJDIR ".libs/"
| /* end confdefs.h.  */
| #include <ciso646>
| #ifdef F77_DUMMY_MAIN
| 
| #  ifdef __cplusplus
|      extern "C"
| #  endif
|    int F77_DUMMY_MAIN() { return 1; }
| 
| #endif
| int
| main ()
| {
| 
| #ifndef _LIBCPP_VERSION
|        choke me
| #endif
| 
|   ;
|   return 0;
| }
configure:21270: Assuming that CXXLIBS is "-lstdc++ -lm".
configure:21287: configuring doxygen documentation options
configure:21294: checking for doxygen
configure:21310: found /usr/bin/doxygen
configure:21322: result: yes
configure:21332: checking for latex
configure:21348: found /usr/bin/latex
configure:21360: result: yes
configure:21389: checking for dot
configure:21417: result: NO
configure:21512: checking for library containing cos
configure:21551: gcc -o conftest -O2 -DNDEBUG   conftest.c  >&5
conftest.c:36:6: warning: conflicting types for built-in function 'cos' [-Wbuiltin-declaration-mismatch]
 char cos ();
      ^~~
/tmp/ccOpIWSv.o: In function `main':
conftest.c:(.text.startup+0x7): undefined reference to `cos'
collect2: error: ld returned 1 exit status
configure:21551: $? = 1
configure: failed program was:
| /* confdefs.h */
| #define PACKAGE_NAME "Ipopt"
| #define PACKAGE_TARNAME "ipopt"
| #define PACKAGE_VERSION "3.13.0"
| #define PACKAGE_STRING "Ipopt 3.13.0"
| #define PACKAGE_BUGREPORT "https://github.com/coin-or/Ipopt/issues/new"
| #define PACKAGE_URL "https://github.com/coin-or/Ipopt"
| #define IPOPT_VERSION "3.13.0"
| #define IPOPT_VERSION_MAJOR 3
| #define IPOPT_VERSION_MINOR 13
| #define IPOPT_VERSION_RELEASE 0
| #define F77_FUNC(name,NAME) name ## _
| #define F77_FUNC_(name,NAME) name ## _
| #define STDC_HEADERS 1
| #define HAVE_SYS_TYPES_H 1
| #define HAVE_SYS_STAT_H 1
| #define HAVE_STDLIB_H 1
| #define HAVE_STRING_H 1
| #define HAVE_MEMORY_H 1
| #define HAVE_STRINGS_H 1
| #define HAVE_INTTYPES_H 1
| #define HAVE_STDINT_H 1
| #define HAVE_UNISTD_H 1
| #define HAVE_DLFCN_H 1
| #define LT_OBJDIR ".libs/"
| #define COIN_IPOPT_VERBOSITY 0
| #define COIN_IPOPT_CHECKLEVEL 0
| /* end confdefs.h.  */
| 
| /* Override any GCC internal prototype to avoid an error.
|    Use char because int might match the return type of a GCC
|    builtin and then its argument prototype would still apply.  */
| #ifdef __cplusplus
| extern "C"
| #endif
| char cos ();
| #ifdef F77_DUMMY_MAIN
| 
| #  ifdef __cplusplus
|      extern "C"
| #  endif
|    int F77_DUMMY_MAIN() { return 1; }
| 
| #endif
| int
| main ()
| {
| return cos ();
|   ;
|   return 0;
| }
configure:21551: gcc -o conftest -O2 -DNDEBUG   conftest.c -lm   >&5
conftest.c:36:6: warning: conflicting types for built-in function 'cos' [-Wbuiltin-declaration-mismatch]
 char cos ();
      ^~~
configure:21551: $? = 0
configure:21568: result: -lm
configure:21643: checking for pkgconf
configure:21659: found /usr/bin/pkgconf
configure:21670: result: pkgconf
configure:21697: checking pkgconf is at least version 0.16.0
configure:21701: result: yes: 0.28
configure:21745: pkgconf path is "/usr/local/lib/pkgconfig:"
configure:22060: checking for function dsyev_ in -lmkl_core -lmkl_intel_lp64 -lmkl_sequential -lm 
configure:22084: gcc -o conftest -O2 -DNDEBUG   conftest.c -lmkl_core -lmkl_intel_lp64 -lmkl_sequential -lm  >&5
/usr/bin/ld: cannot find -lmkl_core
/usr/bin/ld: cannot find -lmkl_intel_lp64
/usr/bin/ld: cannot find -lmkl_sequential
collect2: error: ld returned 1 exit status
configure:22084: $? = 1
configure: failed program was:
| /* confdefs.h */
| #define PACKAGE_NAME "Ipopt"
| #define PACKAGE_TARNAME "ipopt"
| #define PACKAGE_VERSION "3.13.0"
| #define PACKAGE_STRING "Ipopt 3.13.0"
| #define PACKAGE_BUGREPORT "https://github.com/coin-or/Ipopt/issues/new"
| #define PACKAGE_URL "https://github.com/coin-or/Ipopt"
| #define IPOPT_VERSION "3.13.0"
| #define IPOPT_VERSION_MAJOR 3
| #define IPOPT_VERSION_MINOR 13
| #define IPOPT_VERSION_RELEASE 0
| #define F77_FUNC(name,NAME) name ## _
| #define F77_FUNC_(name,NAME) name ## _
| #define STDC_HEADERS 1
| #define HAVE_SYS_TYPES_H 1
| #define HAVE_SYS_STAT_H 1
| #define HAVE_STDLIB_H 1
| #define HAVE_STRING_H 1
| #define HAVE_MEMORY_H 1
| #define HAVE_STRINGS_H 1
| #define HAVE_INTTYPES_H 1
| #define HAVE_STDINT_H 1
| #define HAVE_UNISTD_H 1
| #define HAVE_DLFCN_H 1
| #define LT_OBJDIR ".libs/"
| #define COIN_IPOPT_VERBOSITY 0
| #define COIN_IPOPT_CHECKLEVEL 0
| /* end confdefs.h.  */
| #ifdef __cplusplus
|              extern "C"
|              #endif
|              void dsyev_();
| #ifdef F77_DUMMY_MAIN
| 
| #  ifdef __cplusplus
|      extern "C"
| #  endif
|    int F77_DUMMY_MAIN() { return 1; }
| 
| #endif
| int
| main ()
| {
| dsyev_()
|   ;
|   return 0;
| }
configure:22092: result: no
configure:22060: checking for function dsyev in -lmkl_core -lmkl_intel_lp64 -lmkl_sequential -lm 
configure:22084: gcc -o conftest -O2 -DNDEBUG   conftest.c -lmkl_core -lmkl_intel_lp64 -lmkl_sequential -lm  >&5
/usr/bin/ld: cannot find -lmkl_core
/usr/bin/ld: cannot find -lmkl_intel_lp64
/usr/bin/ld: cannot find -lmkl_sequential
collect2: error: ld returned 1 exit status
configure:22084: $? = 1
configure: failed program was:
| /* confdefs.h */
| #define PACKAGE_NAME "Ipopt"
| #define PACKAGE_TARNAME "ipopt"
| #define PACKAGE_VERSION "3.13.0"
| #define PACKAGE_STRING "Ipopt 3.13.0"
| #define PACKAGE_BUGREPORT "https://github.com/coin-or/Ipopt/issues/new"
| #define PACKAGE_URL "https://github.com/coin-or/Ipopt"
| #define IPOPT_VERSION "3.13.0"
| #define IPOPT_VERSION_MAJOR 3
| #define IPOPT_VERSION_MINOR 13
| #define IPOPT_VERSION_RELEASE 0
| #define F77_FUNC(name,NAME) name ## _
| #define F77_FUNC_(name,NAME) name ## _
| #define STDC_HEADERS 1
| #define HAVE_SYS_TYPES_H 1
| #define HAVE_SYS_STAT_H 1
| #define HAVE_STDLIB_H 1
| #define HAVE_STRING_H 1
| #define HAVE_MEMORY_H 1
| #define HAVE_STRINGS_H 1
| #define HAVE_INTTYPES_H 1
| #define HAVE_STDINT_H 1
| #define HAVE_UNISTD_H 1
| #define HAVE_DLFCN_H 1
| #define LT_OBJDIR ".libs/"
| #define COIN_IPOPT_VERBOSITY 0
| #define COIN_IPOPT_CHECKLEVEL 0
| /* end confdefs.h.  */
| #ifdef __cplusplus
|              extern "C"
|              #endif
|              void dsyev();
| #ifdef F77_DUMMY_MAIN
| 
| #  ifdef __cplusplus
|      extern "C"
| #  endif
|    int F77_DUMMY_MAIN() { return 1; }
| 
| #endif
| int
| main ()
| {
| dsyev()
|   ;
|   return 0;
| }
configure:22092: result: no
configure:22060: checking for function DSYEV_ in -lmkl_core -lmkl_intel_lp64 -lmkl_sequential -lm 
configure:22084: gcc -o conftest -O2 -DNDEBUG   conftest.c -lmkl_core -lmkl_intel_lp64 -lmkl_sequential -lm  >&5
/usr/bin/ld: cannot find -lmkl_core
/usr/bin/ld: cannot find -lmkl_intel_lp64
/usr/bin/ld: cannot find -lmkl_sequential
collect2: error: ld returned 1 exit status
configure:22084: $? = 1
configure: failed program was:
| /* confdefs.h */
| #define PACKAGE_NAME "Ipopt"
| #define PACKAGE_TARNAME "ipopt"
| #define PACKAGE_VERSION "3.13.0"
| #define PACKAGE_STRING "Ipopt 3.13.0"
| #define PACKAGE_BUGREPORT "https://github.com/coin-or/Ipopt/issues/new"
| #define PACKAGE_URL "https://github.com/coin-or/Ipopt"
| #define IPOPT_VERSION "3.13.0"
| #define IPOPT_VERSION_MAJOR 3
| #define IPOPT_VERSION_MINOR 13
| #define IPOPT_VERSION_RELEASE 0
| #define F77_FUNC(name,NAME) name ## _
| #define F77_FUNC_(name,NAME) name ## _
| #define STDC_HEADERS 1
| #define HAVE_SYS_TYPES_H 1
| #define HAVE_SYS_STAT_H 1
| #define HAVE_STDLIB_H 1
| #define HAVE_STRING_H 1
| #define HAVE_MEMORY_H 1
| #define HAVE_STRINGS_H 1
| #define HAVE_INTTYPES_H 1
| #define HAVE_STDINT_H 1
| #define HAVE_UNISTD_H 1
| #define HAVE_DLFCN_H 1
| #define LT_OBJDIR ".libs/"
| #define COIN_IPOPT_VERBOSITY 0
| #define COIN_IPOPT_CHECKLEVEL 0
| /* end confdefs.h.  */
| #ifdef __cplusplus
|              extern "C"
|              #endif
|              void DSYEV_();
| #ifdef F77_DUMMY_MAIN
| 
| #  ifdef __cplusplus
|      extern "C"
| #  endif
|    int F77_DUMMY_MAIN() { return 1; }
| 
| #endif
| int
| main ()
| {
| DSYEV_()
|   ;
|   return 0;
| }
configure:22092: result: no
configure:22060: checking for function DSYEV in -lmkl_core -lmkl_intel_lp64 -lmkl_sequential -lm 
configure:22084: gcc -o conftest -O2 -DNDEBUG   conftest.c -lmkl_core -lmkl_intel_lp64 -lmkl_sequential -lm  >&5
/usr/bin/ld: cannot find -lmkl_core
/usr/bin/ld: cannot find -lmkl_intel_lp64
/usr/bin/ld: cannot find -lmkl_sequential
collect2: error: ld returned 1 exit status
configure:22084: $? = 1
configure: failed program was:
| /* confdefs.h */
| #define PACKAGE_NAME "Ipopt"
| #define PACKAGE_TARNAME "ipopt"
| #define PACKAGE_VERSION "3.13.0"
| #define PACKAGE_STRING "Ipopt 3.13.0"
| #define PACKAGE_BUGREPORT "https://github.com/coin-or/Ipopt/issues/new"
| #define PACKAGE_URL "https://github.com/coin-or/Ipopt"
| #define IPOPT_VERSION "3.13.0"
| #define IPOPT_VERSION_MAJOR 3
| #define IPOPT_VERSION_MINOR 13
| #define IPOPT_VERSION_RELEASE 0
| #define F77_FUNC(name,NAME) name ## _
| #define F77_FUNC_(name,NAME) name ## _
| #define STDC_HEADERS 1
| #define HAVE_SYS_TYPES_H 1
| #define HAVE_SYS_STAT_H 1
| #define HAVE_STDLIB_H 1
| #define HAVE_STRING_H 1
| #define HAVE_MEMORY_H 1
| #define HAVE_STRINGS_H 1
| #define HAVE_INTTYPES_H 1
| #define HAVE_STDINT_H 1
| #define HAVE_UNISTD_H 1
| #define HAVE_DLFCN_H 1
| #define LT_OBJDIR ".libs/"
| #define COIN_IPOPT_VERBOSITY 0
| #define COIN_IPOPT_CHECKLEVEL 0
| /* end confdefs.h.  */
| #ifdef __cplusplus
|              extern "C"
|              #endif
|              void DSYEV();
| #ifdef F77_DUMMY_MAIN
| 
| #  ifdef __cplusplus
|      extern "C"
| #  endif
|    int F77_DUMMY_MAIN() { return 1; }
| 
| #endif
| int
| main ()
| {
| DSYEV()
|   ;
|   return 0;
| }
configure:22092: result: no
configure:22584: checking for lapack.pc and blas.pc
configure:22592: result: yes
configure:22623: checking for function dsyev_ in -llapack   
configure:22647: gcc -o conftest -O2 -DNDEBUG   conftest.c -llapack    >&5
configure:22647: $? = 0
configure:22655: result: yes
configure:22846: checking for package ASL
configure:23056: result: no
configure:23105: checking for package Mumps
configure:23315: result: no
configure:23361: checking for MPI_Initialized
configure:23361: gcc -o conftest -O2 -DNDEBUG   conftest.c  >&5
/tmp/cciIgvIM.o: In function `main':
conftest.c:(.text.startup+0x7): undefined reference to `MPI_Initialized'
collect2: error: ld returned 1 exit status
configure:23361: $? = 1
configure: failed program was:
| /* confdefs.h */
| #define PACKAGE_NAME "Ipopt"
| #define PACKAGE_TARNAME "ipopt"
| #define PACKAGE_VERSION "3.13.0"
| #define PACKAGE_STRING "Ipopt 3.13.0"
| #define PACKAGE_BUGREPORT "https://github.com/coin-or/Ipopt/issues/new"
| #define PACKAGE_URL "https://github.com/coin-or/Ipopt"
| #define IPOPT_VERSION "3.13.0"
| #define IPOPT_VERSION_MAJOR 3
| #define IPOPT_VERSION_MINOR 13
| #define IPOPT_VERSION_RELEASE 0
| #define F77_FUNC(name,NAME) name ## _
| #define F77_FUNC_(name,NAME) name ## _
| #define STDC_HEADERS 1
| #define HAVE_SYS_TYPES_H 1
| #define HAVE_SYS_STAT_H 1
| #define HAVE_STDLIB_H 1
| #define HAVE_STRING_H 1
| #define HAVE_MEMORY_H 1
| #define HAVE_STRINGS_H 1
| #define HAVE_INTTYPES_H 1
| #define HAVE_STDINT_H 1
| #define HAVE_UNISTD_H 1
| #define HAVE_DLFCN_H 1
| #define LT_OBJDIR ".libs/"
| #define COIN_IPOPT_VERBOSITY 0
| #define COIN_IPOPT_CHECKLEVEL 0
| #define COIN_HAS_LAPACK 1
| #define COIN_LAPACK_FUNC(name,NAME) name ## _
| #define COIN_LAPACK_FUNC_(name,NAME) name ## _
| /* end confdefs.h.  */
| /* Define MPI_Initialized to an innocuous variant, in case <limits.h> declares MPI_Initialized.
|    For example, HP-UX 11i <limits.h> declares gettimeofday.  */
| #define MPI_Initialized innocuous_MPI_Initialized
| 
| /* System header to define __stub macros and hopefully few prototypes,
|     which can conflict with char MPI_Initialized (); below.
|     Prefer <limits.h> to <assert.h> if __STDC__ is defined, since
|     <limits.h> exists even on freestanding compilers.  */
| 
| #ifdef __STDC__
| # include <limits.h>
| #else
| # include <assert.h>
| #endif
| 
| #undef MPI_Initialized
| 
| /* Override any GCC internal prototype to avoid an error.
|    Use char because int might match the return type of a GCC
|    builtin and then its argument prototype would still apply.  */
| #ifdef __cplusplus
| extern "C"
| #endif
| char MPI_Initialized ();
| /* The GNU C library defines this for functions which it implements
|     to always fail with ENOSYS.  Some functions are actually named
|     something starting with __ and the normal name is an alias.  */
| #if defined __stub_MPI_Initialized || defined __stub___MPI_Initialized
| choke me
| #endif
| 
| #ifdef F77_DUMMY_MAIN
| 
| #  ifdef __cplusplus
|      extern "C"
| #  endif
|    int F77_DUMMY_MAIN() { return 1; }
| 
| #endif
| int
| main ()
| {
| return MPI_Initialized ();
|   ;
|   return 0;
| }
configure:23361: result: no
configure:23378: checking for package HSL
configure:23591: result: yes
configure:23689: checking HSL name mangling scheme
configure:23735: gcc -o conftest -O2 -DNDEBUG   conftest.c -L/usr/local/lib -lcoinhsl     >&5
/usr/local/lib/libcoinhsl.so: undefined reference to `dtrmm_'
/usr/local/lib/libcoinhsl.so: undefined reference to `dswap_'
/usr/local/lib/libcoinhsl.so: undefined reference to `dgemm_'
/usr/local/lib/libcoinhsl.so: undefined reference to `dtpsv_'
/usr/local/lib/libcoinhsl.so: undefined reference to `daxpy_'
/usr/local/lib/libcoinhsl.so: undefined reference to `dtpmv_'
/usr/local/lib/libcoinhsl.so: undefined reference to `dnrm2_'
/usr/local/lib/libcoinhsl.so: undefined reference to `dtrsv_'
/usr/local/lib/libcoinhsl.so: undefined reference to `dcopy_'
/usr/local/lib/libcoinhsl.so: undefined reference to `dsyrk_'
/usr/local/lib/libcoinhsl.so: undefined reference to `dtrsm_'
/usr/local/lib/libcoinhsl.so: undefined reference to `idamax_'
/usr/local/lib/libcoinhsl.so: undefined reference to `dpotrf_'
/usr/local/lib/libcoinhsl.so: undefined reference to `dtrmv_'
/usr/local/lib/libcoinhsl.so: undefined reference to `dgemv_'
collect2: error: ld returned 1 exit status
configure:23735: $? = 1
configure: failed program was:
| /* confdefs.h */
| #define PACKAGE_NAME "Ipopt"
| #define PACKAGE_TARNAME "ipopt"
| #define PACKAGE_VERSION "3.13.0"
| #define PACKAGE_STRING "Ipopt 3.13.0"
| #define PACKAGE_BUGREPORT "https://github.com/coin-or/Ipopt/issues/new"
| #define PACKAGE_URL "https://github.com/coin-or/Ipopt"
| #define IPOPT_VERSION "3.13.0"
| #define IPOPT_VERSION_MAJOR 3
| #define IPOPT_VERSION_MINOR 13
| #define IPOPT_VERSION_RELEASE 0
| #define F77_FUNC(name,NAME) name ## _
| #define F77_FUNC_(name,NAME) name ## _
| #define STDC_HEADERS 1
| #define HAVE_SYS_TYPES_H 1
| #define HAVE_SYS_STAT_H 1
| #define HAVE_STDLIB_H 1
| #define HAVE_STRING_H 1
| #define HAVE_MEMORY_H 1
| #define HAVE_STRINGS_H 1
| #define HAVE_INTTYPES_H 1
| #define HAVE_STDINT_H 1
| #define HAVE_UNISTD_H 1
| #define HAVE_DLFCN_H 1
| #define LT_OBJDIR ".libs/"
| #define COIN_IPOPT_VERBOSITY 0
| #define COIN_IPOPT_CHECKLEVEL 0
| #define COIN_HAS_LAPACK 1
| #define COIN_LAPACK_FUNC(name,NAME) name ## _
| #define COIN_LAPACK_FUNC_(name,NAME) name ## _
| #define COIN_HAS_HSL 1
| #define HSLLIB_EXPORT 
| /* end confdefs.h.  */
| #ifdef __cplusplus
|                   extern "C"
|                  #endif
|                  void ma27ad_();
| #ifdef F77_DUMMY_MAIN
| 
| #  ifdef __cplusplus
|      extern "C"
| #  endif
|    int F77_DUMMY_MAIN() { return 1; }
| 
| #endif
| int
| main ()
| {
| ma27ad_()
|   ;
|   return 0;
| }
configure:23754: result: lower case, underscore, no extra underscore
configure:23839: checking for function ma28ad_ in -L/usr/local/lib -lcoinhsl     
configure:23863: gcc -o conftest -O2 -DNDEBUG   conftest.c -L/usr/local/lib -lcoinhsl      >&5
/usr/local/lib/libcoinhsl.so: undefined reference to `dtrmm_'
/usr/local/lib/libcoinhsl.so: undefined reference to `dswap_'
/usr/local/lib/libcoinhsl.so: undefined reference to `dgemm_'
/usr/local/lib/libcoinhsl.so: undefined reference to `dtpsv_'
/usr/local/lib/libcoinhsl.so: undefined reference to `daxpy_'
/usr/local/lib/libcoinhsl.so: undefined reference to `dtpmv_'
/usr/local/lib/libcoinhsl.so: undefined reference to `dnrm2_'
/usr/local/lib/libcoinhsl.so: undefined reference to `dtrsv_'
/usr/local/lib/libcoinhsl.so: undefined reference to `dcopy_'
/usr/local/lib/libcoinhsl.so: undefined reference to `dsyrk_'
/usr/local/lib/libcoinhsl.so: undefined reference to `dtrsm_'
/usr/local/lib/libcoinhsl.so: undefined reference to `idamax_'
/usr/local/lib/libcoinhsl.so: undefined reference to `dpotrf_'
/usr/local/lib/libcoinhsl.so: undefined reference to `dtrmv_'
/usr/local/lib/libcoinhsl.so: undefined reference to `dgemv_'
collect2: error: ld returned 1 exit status
configure:23863: $? = 1
configure: failed program was:
| /* confdefs.h */
| #define PACKAGE_NAME "Ipopt"
| #define PACKAGE_TARNAME "ipopt"
| #define PACKAGE_VERSION "3.13.0"
| #define PACKAGE_STRING "Ipopt 3.13.0"
| #define PACKAGE_BUGREPORT "https://github.com/coin-or/Ipopt/issues/new"
| #define PACKAGE_URL "https://github.com/coin-or/Ipopt"
| #define IPOPT_VERSION "3.13.0"
| #define IPOPT_VERSION_MAJOR 3
| #define IPOPT_VERSION_MINOR 13
| #define IPOPT_VERSION_RELEASE 0
| #define F77_FUNC(name,NAME) name ## _
| #define F77_FUNC_(name,NAME) name ## _
| #define STDC_HEADERS 1
| #define HAVE_SYS_TYPES_H 1
| #define HAVE_SYS_STAT_H 1
| #define HAVE_STDLIB_H 1
| #define HAVE_STRING_H 1
| #define HAVE_MEMORY_H 1
| #define HAVE_STRINGS_H 1
| #define HAVE_INTTYPES_H 1
| #define HAVE_STDINT_H 1
| #define HAVE_UNISTD_H 1
| #define HAVE_DLFCN_H 1
| #define LT_OBJDIR ".libs/"
| #define COIN_IPOPT_VERBOSITY 0
| #define COIN_IPOPT_CHECKLEVEL 0
| #define COIN_HAS_LAPACK 1
| #define COIN_LAPACK_FUNC(name,NAME) name ## _
| #define COIN_LAPACK_FUNC_(name,NAME) name ## _
| #define COIN_HAS_HSL 1
| #define HSLLIB_EXPORT 
| #define HSL_FUNC(name,NAME) name ## _
| #define HSL_FUNC_(name,NAME) name ## _
| /* end confdefs.h.  */
| #ifdef __cplusplus
|              extern "C"
|              #endif
|              void ma28ad_();
| #ifdef F77_DUMMY_MAIN
| 
| #  ifdef __cplusplus
|      extern "C"
| #  endif
|    int F77_DUMMY_MAIN() { return 1; }
| 
| #endif
| int
| main ()
| {
| ma28ad_()
|   ;
|   return 0;
| }
configure:23871: result: yes
configure:23884: WARNING: Name mangling of MA28 different than Fortran. This will not link. Disabling MA28
configure:24163: checking for function pardiso_ in -llapack -lblas    
configure:24187: gcc -o conftest -O2 -DNDEBUG   conftest.c -llapack -lblas     >&5
/tmp/ccavmzzX.o: In function `main':
conftest.c:(.text.startup+0x7): undefined reference to `pardiso_'
collect2: error: ld returned 1 exit status
configure:24187: $? = 1
configure: failed program was:
| /* confdefs.h */
| #define PACKAGE_NAME "Ipopt"
| #define PACKAGE_TARNAME "ipopt"
| #define PACKAGE_VERSION "3.13.0"
| #define PACKAGE_STRING "Ipopt 3.13.0"
| #define PACKAGE_BUGREPORT "https://github.com/coin-or/Ipopt/issues/new"
| #define PACKAGE_URL "https://github.com/coin-or/Ipopt"
| #define IPOPT_VERSION "3.13.0"
| #define IPOPT_VERSION_MAJOR 3
| #define IPOPT_VERSION_MINOR 13
| #define IPOPT_VERSION_RELEASE 0
| #define F77_FUNC(name,NAME) name ## _
| #define F77_FUNC_(name,NAME) name ## _
| #define STDC_HEADERS 1
| #define HAVE_SYS_TYPES_H 1
| #define HAVE_SYS_STAT_H 1
| #define HAVE_STDLIB_H 1
| #define HAVE_STRING_H 1
| #define HAVE_MEMORY_H 1
| #define HAVE_STRINGS_H 1
| #define HAVE_INTTYPES_H 1
| #define HAVE_STDINT_H 1
| #define HAVE_UNISTD_H 1
| #define HAVE_DLFCN_H 1
| #define LT_OBJDIR ".libs/"
| #define COIN_IPOPT_VERBOSITY 0
| #define COIN_IPOPT_CHECKLEVEL 0
| #define COIN_HAS_LAPACK 1
| #define COIN_LAPACK_FUNC(name,NAME) name ## _
| #define COIN_LAPACK_FUNC_(name,NAME) name ## _
| #define COIN_HAS_HSL 1
| #define HSLLIB_EXPORT 
| #define HSL_FUNC(name,NAME) name ## _
| #define HSL_FUNC_(name,NAME) name ## _
| /* end confdefs.h.  */
| #ifdef __cplusplus
|              extern "C"
|              #endif
|              void pardiso_();
| #ifdef F77_DUMMY_MAIN
| 
| #  ifdef __cplusplus
|      extern "C"
| #  endif
|    int F77_DUMMY_MAIN() { return 1; }
| 
| #endif
| int
| main ()
| {
| pardiso_()
|   ;
|   return 0;
| }
configure:24195: result: no
configure:24163: checking for function pardiso in -llapack -lblas    
configure:24187: gcc -o conftest -O2 -DNDEBUG   conftest.c -llapack -lblas     >&5
/tmp/cciEqHc0.o: In function `main':
conftest.c:(.text.startup+0x7): undefined reference to `pardiso'
collect2: error: ld returned 1 exit status
configure:24187: $? = 1
configure: failed program was:
| /* confdefs.h */
| #define PACKAGE_NAME "Ipopt"
| #define PACKAGE_TARNAME "ipopt"
| #define PACKAGE_VERSION "3.13.0"
| #define PACKAGE_STRING "Ipopt 3.13.0"
| #define PACKAGE_BUGREPORT "https://github.com/coin-or/Ipopt/issues/new"
| #define PACKAGE_URL "https://github.com/coin-or/Ipopt"
| #define IPOPT_VERSION "3.13.0"
| #define IPOPT_VERSION_MAJOR 3
| #define IPOPT_VERSION_MINOR 13
| #define IPOPT_VERSION_RELEASE 0
| #define F77_FUNC(name,NAME) name ## _
| #define F77_FUNC_(name,NAME) name ## _
| #define STDC_HEADERS 1
| #define HAVE_SYS_TYPES_H 1
| #define HAVE_SYS_STAT_H 1
| #define HAVE_STDLIB_H 1
| #define HAVE_STRING_H 1
| #define HAVE_MEMORY_H 1
| #define HAVE_STRINGS_H 1
| #define HAVE_INTTYPES_H 1
| #define HAVE_STDINT_H 1
| #define HAVE_UNISTD_H 1
| #define HAVE_DLFCN_H 1
| #define LT_OBJDIR ".libs/"
| #define COIN_IPOPT_VERBOSITY 0
| #define COIN_IPOPT_CHECKLEVEL 0
| #define COIN_HAS_LAPACK 1
| #define COIN_LAPACK_FUNC(name,NAME) name ## _
| #define COIN_LAPACK_FUNC_(name,NAME) name ## _
| #define COIN_HAS_HSL 1
| #define HSLLIB_EXPORT 
| #define HSL_FUNC(name,NAME) name ## _
| #define HSL_FUNC_(name,NAME) name ## _
| /* end confdefs.h.  */
| #ifdef __cplusplus
|              extern "C"
|              #endif
|              void pardiso();
| #ifdef F77_DUMMY_MAIN
| 
| #  ifdef __cplusplus
|      extern "C"
| #  endif
|    int F77_DUMMY_MAIN() { return 1; }
| 
| #endif
| int
| main ()
| {
| pardiso()
|   ;
|   return 0;
| }
configure:24195: result: no
configure:24163: checking for function PARDISO_ in -llapack -lblas    
configure:24187: gcc -o conftest -O2 -DNDEBUG   conftest.c -llapack -lblas     >&5
/tmp/ccETOqM2.o: In function `main':
conftest.c:(.text.startup+0x7): undefined reference to `PARDISO_'
collect2: error: ld returned 1 exit status
configure:24187: $? = 1
configure: failed program was:
| /* confdefs.h */
| #define PACKAGE_NAME "Ipopt"
| #define PACKAGE_TARNAME "ipopt"
| #define PACKAGE_VERSION "3.13.0"
| #define PACKAGE_STRING "Ipopt 3.13.0"
| #define PACKAGE_BUGREPORT "https://github.com/coin-or/Ipopt/issues/new"
| #define PACKAGE_URL "https://github.com/coin-or/Ipopt"
| #define IPOPT_VERSION "3.13.0"
| #define IPOPT_VERSION_MAJOR 3
| #define IPOPT_VERSION_MINOR 13
| #define IPOPT_VERSION_RELEASE 0
| #define F77_FUNC(name,NAME) name ## _
| #define F77_FUNC_(name,NAME) name ## _
| #define STDC_HEADERS 1
| #define HAVE_SYS_TYPES_H 1
| #define HAVE_SYS_STAT_H 1
| #define HAVE_STDLIB_H 1
| #define HAVE_STRING_H 1
| #define HAVE_MEMORY_H 1
| #define HAVE_STRINGS_H 1
| #define HAVE_INTTYPES_H 1
| #define HAVE_STDINT_H 1
| #define HAVE_UNISTD_H 1
| #define HAVE_DLFCN_H 1
| #define LT_OBJDIR ".libs/"
| #define COIN_IPOPT_VERBOSITY 0
| #define COIN_IPOPT_CHECKLEVEL 0
| #define COIN_HAS_LAPACK 1
| #define COIN_LAPACK_FUNC(name,NAME) name ## _
| #define COIN_LAPACK_FUNC_(name,NAME) name ## _
| #define COIN_HAS_HSL 1
| #define HSLLIB_EXPORT 
| #define HSL_FUNC(name,NAME) name ## _
| #define HSL_FUNC_(name,NAME) name ## _
| /* end confdefs.h.  */
| #ifdef __cplusplus
|              extern "C"
|              #endif
|              void PARDISO_();
| #ifdef F77_DUMMY_MAIN
| 
| #  ifdef __cplusplus
|      extern "C"
| #  endif
|    int F77_DUMMY_MAIN() { return 1; }
| 
| #endif
| int
| main ()
| {
| PARDISO_()
|   ;
|   return 0;
| }
configure:24195: result: no
configure:24163: checking for function PARDISO in -llapack -lblas    
configure:24187: gcc -o conftest -O2 -DNDEBUG   conftest.c -llapack -lblas     >&5
/tmp/ccumw3i5.o: In function `main':
conftest.c:(.text.startup+0x7): undefined reference to `PARDISO'
collect2: error: ld returned 1 exit status
configure:24187: $? = 1
configure: failed program was:
| /* confdefs.h */
| #define PACKAGE_NAME "Ipopt"
| #define PACKAGE_TARNAME "ipopt"
| #define PACKAGE_VERSION "3.13.0"
| #define PACKAGE_STRING "Ipopt 3.13.0"
| #define PACKAGE_BUGREPORT "https://github.com/coin-or/Ipopt/issues/new"
| #define PACKAGE_URL "https://github.com/coin-or/Ipopt"
| #define IPOPT_VERSION "3.13.0"
| #define IPOPT_VERSION_MAJOR 3
| #define IPOPT_VERSION_MINOR 13
| #define IPOPT_VERSION_RELEASE 0
| #define F77_FUNC(name,NAME) name ## _
| #define F77_FUNC_(name,NAME) name ## _
| #define STDC_HEADERS 1
| #define HAVE_SYS_TYPES_H 1
| #define HAVE_SYS_STAT_H 1
| #define HAVE_STDLIB_H 1
| #define HAVE_STRING_H 1
| #define HAVE_MEMORY_H 1
| #define HAVE_STRINGS_H 1
| #define HAVE_INTTYPES_H 1
| #define HAVE_STDINT_H 1
| #define HAVE_UNISTD_H 1
| #define HAVE_DLFCN_H 1
| #define LT_OBJDIR ".libs/"
| #define COIN_IPOPT_VERBOSITY 0
| #define COIN_IPOPT_CHECKLEVEL 0
| #define COIN_HAS_LAPACK 1
| #define COIN_LAPACK_FUNC(name,NAME) name ## _
| #define COIN_LAPACK_FUNC_(name,NAME) name ## _
| #define COIN_HAS_HSL 1
| #define HSLLIB_EXPORT 
| #define HSL_FUNC(name,NAME) name ## _
| #define HSL_FUNC_(name,NAME) name ## _
| /* end confdefs.h.  */
| #ifdef __cplusplus
|              extern "C"
|              #endif
|              void PARDISO();
| #ifdef F77_DUMMY_MAIN
| 
| #  ifdef __cplusplus
|      extern "C"
| #  endif
|    int F77_DUMMY_MAIN() { return 1; }
| 
| #endif
| int
| main ()
| {
| PARDISO()
|   ;
|   return 0;
| }
configure:24195: result: no
configure:24450: checking size of int *
configure:24455: gcc -o conftest -O2 -DNDEBUG   conftest.c  >&5
configure:24455: $? = 0
configure:24455: ./conftest
configure:24455: $? = 0
configure:24469: result: 8
configure:24520: checking cmath usability
configure:24520: g++ -c -O2 -DNDEBUG  conftest.cpp >&5
configure:24520: $? = 0
configure:24520: result: yes
configure:24520: checking cmath presence
configure:24520: g++ -E  conftest.cpp
configure:24520: $? = 0
configure:24520: result: yes
configure:24520: checking for cmath
configure:24520: result: yes
configure:24533: checking cfloat usability
configure:24533: g++ -c -O2 -DNDEBUG  conftest.cpp >&5
configure:24533: $? = 0
configure:24533: result: yes
configure:24533: checking cfloat presence
configure:24533: g++ -E  conftest.cpp
configure:24533: $? = 0
configure:24533: result: yes
configure:24533: checking for cfloat
configure:24533: result: yes
configure:24546: checking cieeefp usability
configure:24546: g++ -c -O2 -DNDEBUG  conftest.cpp >&5
conftest.cpp:72:10: fatal error: cieeefp: No such file or directory
 #include <cieeefp>
          ^~~~~~~~~
compilation terminated.
configure:24546: $? = 1
configure: failed program was:
| /* confdefs.h */
| #define PACKAGE_NAME "Ipopt"
| #define PACKAGE_TARNAME "ipopt"
| #define PACKAGE_VERSION "3.13.0"
| #define PACKAGE_STRING "Ipopt 3.13.0"
| #define PACKAGE_BUGREPORT "https://github.com/coin-or/Ipopt/issues/new"
| #define PACKAGE_URL "https://github.com/coin-or/Ipopt"
| #define IPOPT_VERSION "3.13.0"
| #define IPOPT_VERSION_MAJOR 3
| #define IPOPT_VERSION_MINOR 13
| #define IPOPT_VERSION_RELEASE 0
| #define F77_FUNC(name,NAME) name ## _
| #define F77_FUNC_(name,NAME) name ## _
| #define STDC_HEADERS 1
| #define HAVE_SYS_TYPES_H 1
| #define HAVE_SYS_STAT_H 1
| #define HAVE_STDLIB_H 1
| #define HAVE_STRING_H 1
| #define HAVE_MEMORY_H 1
| #define HAVE_STRINGS_H 1
| #define HAVE_INTTYPES_H 1
| #define HAVE_STDINT_H 1
| #define HAVE_UNISTD_H 1
| #define HAVE_DLFCN_H 1
| #define LT_OBJDIR ".libs/"
| #define COIN_IPOPT_VERBOSITY 0
| #define COIN_IPOPT_CHECKLEVEL 0
| #define COIN_HAS_LAPACK 1
| #define COIN_LAPACK_FUNC(name,NAME) name ## _
| #define COIN_LAPACK_FUNC_(name,NAME) name ## _
| #define COIN_HAS_HSL 1
| #define HSLLIB_EXPORT 
| #define HSL_FUNC(name,NAME) name ## _
| #define HSL_FUNC_(name,NAME) name ## _
| #define SIZEOF_INT_P 8
| #define HAVE_CMATH 1
| #define HAVE_CFLOAT 1
| /* end confdefs.h.  */
| #include <stdio.h>
| #ifdef HAVE_SYS_TYPES_H
| # include <sys/types.h>
| #endif
| #ifdef HAVE_SYS_STAT_H
| # include <sys/stat.h>
| #endif
| #ifdef STDC_HEADERS
| # include <stdlib.h>
| # include <stddef.h>
| #else
| # ifdef HAVE_STDLIB_H
| #  include <stdlib.h>
| # endif
| #endif
| #ifdef HAVE_STRING_H
| # if !defined STDC_HEADERS && defined HAVE_MEMORY_H
| #  include <memory.h>
| # endif
| # include <string.h>
| #endif
| #ifdef HAVE_STRINGS_H
| # include <strings.h>
| #endif
| #ifdef HAVE_INTTYPES_H
| # include <inttypes.h>
| #endif
| #ifdef HAVE_STDINT_H
| # include <stdint.h>
| #endif
| #ifdef HAVE_UNISTD_H
| # include <unistd.h>
| #endif
| #include <cieeefp>
configure:24546: result: no
configure:24546: checking cieeefp presence
configure:24546: g++ -E  conftest.cpp
conftest.cpp:39:10: fatal error: cieeefp: No such file or directory
 #include <cieeefp>
          ^~~~~~~~~
compilation terminated.
configure:24546: $? = 1
configure: failed program was:
| /* confdefs.h */
| #define PACKAGE_NAME "Ipopt"
| #define PACKAGE_TARNAME "ipopt"
| #define PACKAGE_VERSION "3.13.0"
| #define PACKAGE_STRING "Ipopt 3.13.0"
| #define PACKAGE_BUGREPORT "https://github.com/coin-or/Ipopt/issues/new"
| #define PACKAGE_URL "https://github.com/coin-or/Ipopt"
| #define IPOPT_VERSION "3.13.0"
| #define IPOPT_VERSION_MAJOR 3
| #define IPOPT_VERSION_MINOR 13
| #define IPOPT_VERSION_RELEASE 0
| #define F77_FUNC(name,NAME) name ## _
| #define F77_FUNC_(name,NAME) name ## _
| #define STDC_HEADERS 1
| #define HAVE_SYS_TYPES_H 1
| #define HAVE_SYS_STAT_H 1
| #define HAVE_STDLIB_H 1
| #define HAVE_STRING_H 1
| #define HAVE_MEMORY_H 1
| #define HAVE_STRINGS_H 1
| #define HAVE_INTTYPES_H 1
| #define HAVE_STDINT_H 1
| #define HAVE_UNISTD_H 1
| #define HAVE_DLFCN_H 1
| #define LT_OBJDIR ".libs/"
| #define COIN_IPOPT_VERBOSITY 0
| #define COIN_IPOPT_CHECKLEVEL 0
| #define COIN_HAS_LAPACK 1
| #define COIN_LAPACK_FUNC(name,NAME) name ## _
| #define COIN_LAPACK_FUNC_(name,NAME) name ## _
| #define COIN_HAS_HSL 1
| #define HSLLIB_EXPORT 
| #define HSL_FUNC(name,NAME) name ## _
| #define HSL_FUNC_(name,NAME) name ## _
| #define SIZEOF_INT_P 8
| #define HAVE_CMATH 1
| #define HAVE_CFLOAT 1
| /* end confdefs.h.  */
| #include <cieeefp>
configure:24546: result: no
configure:24546: checking for cieeefp
configure:24546: result: no
configure:24546: checking ieeefp.h usability
configure:24546: g++ -c -O2 -DNDEBUG  conftest.cpp >&5
conftest.cpp:72:10: fatal error: ieeefp.h: No such file or directory
 #include <ieeefp.h>
          ^~~~~~~~~~
compilation terminated.
configure:24546: $? = 1
configure: failed program was:
| /* confdefs.h */
| #define PACKAGE_NAME "Ipopt"
| #define PACKAGE_TARNAME "ipopt"
| #define PACKAGE_VERSION "3.13.0"
| #define PACKAGE_STRING "Ipopt 3.13.0"
| #define PACKAGE_BUGREPORT "https://github.com/coin-or/Ipopt/issues/new"
| #define PACKAGE_URL "https://github.com/coin-or/Ipopt"
| #define IPOPT_VERSION "3.13.0"
| #define IPOPT_VERSION_MAJOR 3
| #define IPOPT_VERSION_MINOR 13
| #define IPOPT_VERSION_RELEASE 0
| #define F77_FUNC(name,NAME) name ## _
| #define F77_FUNC_(name,NAME) name ## _
| #define STDC_HEADERS 1
| #define HAVE_SYS_TYPES_H 1
| #define HAVE_SYS_STAT_H 1
| #define HAVE_STDLIB_H 1
| #define HAVE_STRING_H 1
| #define HAVE_MEMORY_H 1
| #define HAVE_STRINGS_H 1
| #define HAVE_INTTYPES_H 1
| #define HAVE_STDINT_H 1
| #define HAVE_UNISTD_H 1
| #define HAVE_DLFCN_H 1
| #define LT_OBJDIR ".libs/"
| #define COIN_IPOPT_VERBOSITY 0
| #define COIN_IPOPT_CHECKLEVEL 0
| #define COIN_HAS_LAPACK 1
| #define COIN_LAPACK_FUNC(name,NAME) name ## _
| #define COIN_LAPACK_FUNC_(name,NAME) name ## _
| #define COIN_HAS_HSL 1
| #define HSLLIB_EXPORT 
| #define HSL_FUNC(name,NAME) name ## _
| #define HSL_FUNC_(name,NAME) name ## _
| #define SIZEOF_INT_P 8
| #define HAVE_CMATH 1
| #define HAVE_CFLOAT 1
| /* end confdefs.h.  */
| #include <stdio.h>
| #ifdef HAVE_SYS_TYPES_H
| # include <sys/types.h>
| #endif
| #ifdef HAVE_SYS_STAT_H
| # include <sys/stat.h>
| #endif
| #ifdef STDC_HEADERS
| # include <stdlib.h>
| # include <stddef.h>
| #else
| # ifdef HAVE_STDLIB_H
| #  include <stdlib.h>
| # endif
| #endif
| #ifdef HAVE_STRING_H
| # if !defined STDC_HEADERS && defined HAVE_MEMORY_H
| #  include <memory.h>
| # endif
| # include <string.h>
| #endif
| #ifdef HAVE_STRINGS_H
| # include <strings.h>
| #endif
| #ifdef HAVE_INTTYPES_H
| # include <inttypes.h>
| #endif
| #ifdef HAVE_STDINT_H
| # include <stdint.h>
| #endif
| #ifdef HAVE_UNISTD_H
| # include <unistd.h>
| #endif
| #include <ieeefp.h>
configure:24546: result: no
configure:24546: checking ieeefp.h presence
configure:24546: g++ -E  conftest.cpp
conftest.cpp:39:10: fatal error: ieeefp.h: No such file or directory
 #include <ieeefp.h>
          ^~~~~~~~~~
compilation terminated.
configure:24546: $? = 1
configure: failed program was:
| /* confdefs.h */
| #define PACKAGE_NAME "Ipopt"
| #define PACKAGE_TARNAME "ipopt"
| #define PACKAGE_VERSION "3.13.0"
| #define PACKAGE_STRING "Ipopt 3.13.0"
| #define PACKAGE_BUGREPORT "https://github.com/coin-or/Ipopt/issues/new"
| #define PACKAGE_URL "https://github.com/coin-or/Ipopt"
| #define IPOPT_VERSION "3.13.0"
| #define IPOPT_VERSION_MAJOR 3
| #define IPOPT_VERSION_MINOR 13
| #define IPOPT_VERSION_RELEASE 0
| #define F77_FUNC(name,NAME) name ## _
| #define F77_FUNC_(name,NAME) name ## _
| #define STDC_HEADERS 1
| #define HAVE_SYS_TYPES_H 1
| #define HAVE_SYS_STAT_H 1
| #define HAVE_STDLIB_H 1
| #define HAVE_STRING_H 1
| #define HAVE_MEMORY_H 1
| #define HAVE_STRINGS_H 1
| #define HAVE_INTTYPES_H 1
| #define HAVE_STDINT_H 1
| #define HAVE_UNISTD_H 1
| #define HAVE_DLFCN_H 1
| #define LT_OBJDIR ".libs/"
| #define COIN_IPOPT_VERBOSITY 0
| #define COIN_IPOPT_CHECKLEVEL 0
| #define COIN_HAS_LAPACK 1
| #define COIN_LAPACK_FUNC(name,NAME) name ## _
| #define COIN_LAPACK_FUNC_(name,NAME) name ## _
| #define COIN_HAS_HSL 1
| #define HSLLIB_EXPORT 
| #define HSL_FUNC(name,NAME) name ## _
| #define HSL_FUNC_(name,NAME) name ## _
| #define SIZEOF_INT_P 8
| #define HAVE_CMATH 1
| #define HAVE_CFLOAT 1
| /* end confdefs.h.  */
| #include <ieeefp.h>
configure:24546: result: no
configure:24546: checking for ieeefp.h
configure:24546: result: no
configure:24565: checking for std::isfinite
configure:24597: g++ -c -O2 -DNDEBUG  conftest.cpp >&5
configure:24597: $? = 0
configure:24599: result: yes
configure:24662: checking whether va_copy is declared
configure:24662: g++ -c -O2 -DNDEBUG  conftest.cpp >&5
configure:24662: $? = 0
configure:24662: result: yes
configure:24675: checking whether drand48 is declared
configure:24675: g++ -c -O2 -DNDEBUG  conftest.cpp >&5
configure:24675: $? = 0
configure:24675: result: yes
configure:24684: checking whether rand is declared
configure:24684: g++ -c -O2 -DNDEBUG  conftest.cpp >&5
configure:24684: $? = 0
configure:24684: result: yes
configure:24696: checking for std::srand
configure:24706: g++ -c -O2 -DNDEBUG  conftest.cpp >&5
configure:24706: $? = 0
configure:24710: result: yes
configure:24821: checking for gcj
configure:24851: result: no
configure:24821: checking for guavac
configure:24851: result: no
configure:24821: checking for jikes
configure:24851: result: no
configure:24821: checking for javac
configure:24837: found /usr/bin/javac
configure:24848: result: javac
configure:24910: checking if javac works
configure:24924: javac  Test.java
configure:24927: $? = 0
configure:24938: result: yes
configure:24960: checking for javac
configure:24978: found /usr/bin/javac
configure:24991: result: /usr/bin/javac
configure:25006: checking symlink for /usr/bin/javac
configure:25014: result: /etc/alternatives/javac
configure:25006: checking symlink for /etc/alternatives/javac
configure:25014: result: /usr/lib/jvm/java-11-openjdk-amd64/bin/javac
configure:25035: _JTOPDIR=/usr/lib/jvm/java-11-openjdk-amd64/bin
configure:25036: _JINC=/usr/lib/jvm/java-11-openjdk-amd64/bin/include
configure:25041: checking jni headers
configure:25061: result: /usr/lib/jvm/java-11-openjdk-amd64/include
configure:25109: checking for jar
configure:25125: found /usr/bin/jar
configure:25136: result: jar
configure:25200: checking for kaffe
configure:25230: result: no
configure:25200: checking for java
configure:25216: found /usr/bin/java
configure:25227: result: java
configure:25411: checking if java works
configure:25428: javac  Test.java
configure:25431: $? = 0
configure:25440: java -classpath .  Test
configure:25443: $? = 0
configure:25454: result: yes
configure:25465: checking for javadoc
configure:25481: found /usr/bin/javadoc
configure:25492: result: javadoc
configure:25600: checking whether the linear solver loader should be compiled
configure:25602: result: yes
configure:25627: checking windows.h usability
configure:25627: gcc -c -O2 -DNDEBUG  -I/usr/lib/jvm/java-11-openjdk-amd64/include -I/usr/lib/jvm/java-11-openjdk-amd64/include/linux conftest.c >&5
conftest.c:79:10: fatal error: windows.h: No such file or directory
 #include <windows.h>
          ^~~~~~~~~~~
compilation terminated.
configure:25627: $? = 1
configure: failed program was:
| /* confdefs.h */
| #define PACKAGE_NAME "Ipopt"
| #define PACKAGE_TARNAME "ipopt"
| #define PACKAGE_VERSION "3.13.0"
| #define PACKAGE_STRING "Ipopt 3.13.0"
| #define PACKAGE_BUGREPORT "https://github.com/coin-or/Ipopt/issues/new"
| #define PACKAGE_URL "https://github.com/coin-or/Ipopt"
| #define IPOPT_VERSION "3.13.0"
| #define IPOPT_VERSION_MAJOR 3
| #define IPOPT_VERSION_MINOR 13
| #define IPOPT_VERSION_RELEASE 0
| #define F77_FUNC(name,NAME) name ## _
| #define F77_FUNC_(name,NAME) name ## _
| #define STDC_HEADERS 1
| #define HAVE_SYS_TYPES_H 1
| #define HAVE_SYS_STAT_H 1
| #define HAVE_STDLIB_H 1
| #define HAVE_STRING_H 1
| #define HAVE_MEMORY_H 1
| #define HAVE_STRINGS_H 1
| #define HAVE_INTTYPES_H 1
| #define HAVE_STDINT_H 1
| #define HAVE_UNISTD_H 1
| #define HAVE_DLFCN_H 1
| #define LT_OBJDIR ".libs/"
| #define COIN_IPOPT_VERBOSITY 0
| #define COIN_IPOPT_CHECKLEVEL 0
| #define COIN_HAS_LAPACK 1
| #define COIN_LAPACK_FUNC(name,NAME) name ## _
| #define COIN_LAPACK_FUNC_(name,NAME) name ## _
| #define COIN_HAS_HSL 1
| #define HSLLIB_EXPORT 
| #define HSL_FUNC(name,NAME) name ## _
| #define HSL_FUNC_(name,NAME) name ## _
| #define SIZEOF_INT_P 8
| #define HAVE_CMATH 1
| #define HAVE_CFLOAT 1
| #define COIN_C_FINITE std::isfinite
| #define HAVE_VA_COPY 1
| #define HAVE_DRAND48 1
| #define HAVE_RAND 1
| #define HAVE_STD__RAND 1
| #define FORTRAN_INTEGER_TYPE int
| #define HAVE_LINEARSOLVERLOADER 1
| /* end confdefs.h.  */
| #include <stdio.h>
| #ifdef HAVE_SYS_TYPES_H
| # include <sys/types.h>
| #endif
| #ifdef HAVE_SYS_STAT_H
| # include <sys/stat.h>
| #endif
| #ifdef STDC_HEADERS
| # include <stdlib.h>
| # include <stddef.h>
| #else
| # ifdef HAVE_STDLIB_H
| #  include <stdlib.h>
| # endif
| #endif
| #ifdef HAVE_STRING_H
| # if !defined STDC_HEADERS && defined HAVE_MEMORY_H
| #  include <memory.h>
| # endif
| # include <string.h>
| #endif
| #ifdef HAVE_STRINGS_H
| # include <strings.h>
| #endif
| #ifdef HAVE_INTTYPES_H
| # include <inttypes.h>
| #endif
| #ifdef HAVE_STDINT_H
| # include <stdint.h>
| #endif
| #ifdef HAVE_UNISTD_H
| # include <unistd.h>
| #endif
| #include <windows.h>
configure:25627: result: no
configure:25627: checking windows.h presence
configure:25627: gcc -E  -I/usr/lib/jvm/java-11-openjdk-amd64/include -I/usr/lib/jvm/java-11-openjdk-amd64/include/linux conftest.c
conftest.c:46:10: fatal error: windows.h: No such file or directory
 #include <windows.h>
          ^~~~~~~~~~~
compilation terminated.
configure:25627: $? = 1
configure: failed program was:
| /* confdefs.h */
| #define PACKAGE_NAME "Ipopt"
| #define PACKAGE_TARNAME "ipopt"
| #define PACKAGE_VERSION "3.13.0"
| #define PACKAGE_STRING "Ipopt 3.13.0"
| #define PACKAGE_BUGREPORT "https://github.com/coin-or/Ipopt/issues/new"
| #define PACKAGE_URL "https://github.com/coin-or/Ipopt"
| #define IPOPT_VERSION "3.13.0"
| #define IPOPT_VERSION_MAJOR 3
| #define IPOPT_VERSION_MINOR 13
| #define IPOPT_VERSION_RELEASE 0
| #define F77_FUNC(name,NAME) name ## _
| #define F77_FUNC_(name,NAME) name ## _
| #define STDC_HEADERS 1
| #define HAVE_SYS_TYPES_H 1
| #define HAVE_SYS_STAT_H 1
| #define HAVE_STDLIB_H 1
| #define HAVE_STRING_H 1
| #define HAVE_MEMORY_H 1
| #define HAVE_STRINGS_H 1
| #define HAVE_INTTYPES_H 1
| #define HAVE_STDINT_H 1
| #define HAVE_UNISTD_H 1
| #define HAVE_DLFCN_H 1
| #define LT_OBJDIR ".libs/"
| #define COIN_IPOPT_VERBOSITY 0
| #define COIN_IPOPT_CHECKLEVEL 0
| #define COIN_HAS_LAPACK 1
| #define COIN_LAPACK_FUNC(name,NAME) name ## _
| #define COIN_LAPACK_FUNC_(name,NAME) name ## _
| #define COIN_HAS_HSL 1
| #define HSLLIB_EXPORT 
| #define HSL_FUNC(name,NAME) name ## _
| #define HSL_FUNC_(name,NAME) name ## _
| #define SIZEOF_INT_P 8
| #define HAVE_CMATH 1
| #define HAVE_CFLOAT 1
| #define COIN_C_FINITE std::isfinite
| #define HAVE_VA_COPY 1
| #define HAVE_DRAND48 1
| #define HAVE_RAND 1
| #define HAVE_STD__RAND 1
| #define FORTRAN_INTEGER_TYPE int
| #define HAVE_LINEARSOLVERLOADER 1
| /* end confdefs.h.  */
| #include <windows.h>
configure:25627: result: no
configure:25627: checking for windows.h
configure:25627: result: no
configure:25633: checking for dlfcn.h
configure:25633: result: yes
configure:25639: checking for dlopen in -ldl
configure:25672: gcc -o conftest -O2 -DNDEBUG  -I/usr/lib/jvm/java-11-openjdk-amd64/include -I/usr/lib/jvm/java-11-openjdk-amd64/include/linux  conftest.c -ldl   >&5
configure:25672: $? = 0
configure:25681: result: yes
configure:25707: checking for snprintf
configure:25707: gcc -o conftest -O2 -DNDEBUG  -I/usr/lib/jvm/java-11-openjdk-amd64/include -I/usr/lib/jvm/java-11-openjdk-amd64/include/linux  conftest.c  >&5
conftest.c:70:6: warning: conflicting types for built-in function 'snprintf' [-Wbuiltin-declaration-mismatch]
 char snprintf ();
      ^~~~~~~~
configure:25707: $? = 0
configure:25707: result: yes
configure:25719: checking for vsnprintf
configure:25719: gcc -o conftest -O2 -DNDEBUG  -I/usr/lib/jvm/java-11-openjdk-amd64/include -I/usr/lib/jvm/java-11-openjdk-amd64/include/linux  conftest.c  >&5
conftest.c:71:6: warning: conflicting types for built-in function 'vsnprintf' [-Wbuiltin-declaration-mismatch]
 char vsnprintf ();
      ^~~~~~~~~
configure:25719: $? = 0
configure:25719: result: yes
configure:26375: checking that generated files are newer than configure
configure:26381: result: done
configure:26476: creating ./config.status

## ---------------------- ##
## Running config.status. ##
## ---------------------- ##

This file was extended by Ipopt config.status 3.13.0, which was
generated by GNU Autoconf 2.69.  Invocation command line was

  CONFIG_FILES    = 
  CONFIG_HEADERS  = 
  CONFIG_LINKS    = 
  CONFIG_COMMANDS = 
  $ ./config.status 

on lamberta-XPS-13-7390

config.status:1451: creating Makefile
config.status:1451: creating src/Common/Makefile
config.status:1451: creating src/LinAlg/Makefile
config.status:1451: creating src/LinAlg/TMatrices/Makefile
config.status:1451: creating src/Interfaces/Makefile
config.status:1451: creating src/Algorithm/Makefile
config.status:1451: creating src/Algorithm/LinearSolvers/Makefile
config.status:1451: creating src/Algorithm/Inexact/Makefile
config.status:1451: creating src/contrib/CGPenalty/Makefile
config.status:1451: creating src/contrib/LinearSolverLoader/Makefile
config.status:1451: creating src/Apps/Makefile
config.status:1451: creating src/Apps/AmplSolver/Makefile
config.status:1451: creating test/Makefile
config.status:1451: creating test/run_unitTests
config.status:1451: creating ipopt.pc
config.status:1451: creating doc/Doxyfile
config.status:1451: creating examples/Cpp_example/Makefile
config.status:1451: creating examples/hs071_cpp/Makefile
config.status:1451: creating examples/hs071_c/Makefile
config.status:1451: creating examples/ScalableProblems/Makefile
config.status:1451: creating tutorial/CodingExercise/C/1-skeleton/Makefile
config.status:1451: creating tutorial/CodingExercise/C/2-mistake/Makefile
config.status:1451: creating tutorial/CodingExercise/C/3-solution/Makefile
config.status:1451: creating tutorial/CodingExercise/Cpp/1-skeleton/Makefile
config.status:1451: creating tutorial/CodingExercise/Cpp/2-mistake/Makefile
config.status:1451: creating tutorial/CodingExercise/Cpp/3-solution/Makefile
config.status:1451: creating tutorial/CodingExercise/Matlab/1-skeleton/startup.m
config.status:1451: creating tutorial/CodingExercise/Matlab/2-mistake/startup.m
config.status:1451: creating tutorial/CodingExercise/Matlab/3-solution/startup.m
config.status:1451: creating examples/hs071_f/hs071_f.f
config.status:1451: creating examples/hs071_f/Makefile
config.status:1451: creating tutorial/CodingExercise/Fortran/1-skeleton/TutorialFortran.f
config.status:1451: creating tutorial/CodingExercise/Fortran/2-mistake/TutorialFortran.f
config.status:1451: creating tutorial/CodingExercise/Fortran/3-solution/TutorialFortran.f
config.status:1451: creating tutorial/CodingExercise/Fortran/1-skeleton/Makefile
config.status:1451: creating tutorial/CodingExercise/Fortran/2-mistake/Makefile
config.status:1451: creating tutorial/CodingExercise/Fortran/3-solution/Makefile
config.status:1451: creating examples/hs071_java/Makefile
config.status:1451: creating examples/ScalableProblems_java/Makefile
config.status:1451: creating contrib/sIPOPT/Makefile
config.status:1451: creating contrib/sIPOPT/src/Makefile
config.status:1451: creating contrib/sIPOPT/AmplSolver/Makefile
config.status:1451: creating contrib/sIPOPT/examples/parametric_cpp/Makefile
config.status:1451: creating contrib/sIPOPT/examples/parametric_dsdp_cpp/Makefile
config.status:1451: creating contrib/sIPOPT/examples/redhess_cpp/Makefile
config.status:1451: creating contrib/RInterface/src/Makevars
config.status:1451: creating src/Common/config.h
config.status:1632: src/Common/config.h is unchanged
config.status:1451: creating src/Common/config_ipopt.h
config.status:1632: src/Common/config_ipopt.h is unchanged
config.status:1692: linking examples/hs071_cpp/hs071_main.cpp to test/hs071_main.cpp
config.status:1692: linking examples/hs071_cpp/hs071_nlp.cpp to test/hs071_nlp.cpp
config.status:1692: linking examples/hs071_cpp/hs071_nlp.hpp to test/hs071_nlp.hpp
config.status:1692: linking examples/hs071_c/hs071_c.c to test/hs071_c.c
config.status:1692: linking contrib/sIPOPT/examples/parametric_cpp/parametric_driver.cpp to test/parametric_driver.cpp
config.status:1692: linking contrib/sIPOPT/examples/parametric_cpp/parametricTNLP.cpp to test/parametricTNLP.cpp
config.status:1692: linking contrib/sIPOPT/examples/redhess_cpp/MySensTNLP.cpp to test/MySensTNLP.cpp
config.status:1692: linking contrib/sIPOPT/examples/redhess_cpp/redhess_cpp.cpp to test/redhess_cpp.cpp
config.status:1711: executing depfiles commands
config.status:1788: cd src/Common       && sed -e '/# am--include-marker/d' Makefile         | make -f - am--depfiles
make: Nothing to be done for 'am--depfiles'.
config.status:1793: $? = 0
config.status:1788: cd src/LinAlg       && sed -e '/# am--include-marker/d' Makefile         | make -f - am--depfiles
make: Nothing to be done for 'am--depfiles'.
config.status:1793: $? = 0
config.status:1788: cd src/LinAlg/TMatrices       && sed -e '/# am--include-marker/d' Makefile         | make -f - am--depfiles
make: Nothing to be done for 'am--depfiles'.
config.status:1793: $? = 0
config.status:1788: cd src/Interfaces       && sed -e '/# am--include-marker/d' Makefile         | make -f - am--depfiles
make: Nothing to be done for 'am--depfiles'.
config.status:1793: $? = 0
config.status:1788: cd src/Algorithm       && sed -e '/# am--include-marker/d' Makefile         | make -f - am--depfiles
make: Nothing to be done for 'am--depfiles'.
config.status:1793: $? = 0
config.status:1788: cd src/Algorithm/LinearSolvers       && sed -e '/# am--include-marker/d' Makefile         | make -f - am--depfiles
make: Nothing to be done for 'am--depfiles'.
config.status:1793: $? = 0
config.status:1788: cd src/Algorithm/Inexact       && sed -e '/# am--include-marker/d' Makefile         | make -f - am--depfiles
make: Nothing to be done for 'am--depfiles'.
config.status:1793: $? = 0
config.status:1788: cd src/contrib/CGPenalty       && sed -e '/# am--include-marker/d' Makefile         | make -f - am--depfiles
make: Nothing to be done for 'am--depfiles'.
config.status:1793: $? = 0
config.status:1788: cd src/contrib/LinearSolverLoader       && sed -e '/# am--include-marker/d' Makefile         | make -f - am--depfiles
make: Nothing to be done for 'am--depfiles'.
config.status:1793: $? = 0
config.status:1788: cd src/Apps/AmplSolver       && sed -e '/# am--include-marker/d' Makefile         | make -f - am--depfiles
make: Nothing to be done for 'am--depfiles'.
config.status:1793: $? = 0
config.status:1788: cd test       && sed -e '/# am--include-marker/d' Makefile         | make -f - am--depfiles
make: Nothing to be done for 'am--depfiles'.
config.status:1793: $? = 0
config.status:1788: cd contrib/sIPOPT/src       && sed -e '/# am--include-marker/d' Makefile         | make -f - am--depfiles
make: Nothing to be done for 'am--depfiles'.
config.status:1793: $? = 0
config.status:1788: cd contrib/sIPOPT/AmplSolver       && sed -e '/# am--include-marker/d' Makefile         | make -f - am--depfiles
make: Nothing to be done for 'am--depfiles'.
config.status:1793: $? = 0
config.status:1711: executing libtool commands
configure:29307: Configuration of Ipopt successful

## ---------------- ##
## Cache variables. ##
## ---------------- ##

ac_cv_build=x86_64-pc-linux-gnu
ac_cv_c_compiler_gnu=yes
ac_cv_cxx_compiler_gnu=yes
ac_cv_env_CCC_set=
ac_cv_env_CCC_value=
ac_cv_env_CC_set=
ac_cv_env_CC_value=
ac_cv_env_CFLAGS_set=
ac_cv_env_CFLAGS_value=
ac_cv_env_CPPFLAGS_set=
ac_cv_env_CPPFLAGS_value=
ac_cv_env_CPP_set=
ac_cv_env_CPP_value=
ac_cv_env_CXXCPP_set=
ac_cv_env_CXXCPP_value=
ac_cv_env_CXXFLAGS_set=
ac_cv_env_CXXFLAGS_value=
ac_cv_env_CXXLIBS_set=
ac_cv_env_CXXLIBS_value=
ac_cv_env_CXX_set=
ac_cv_env_CXX_value=
ac_cv_env_F77_set=
ac_cv_env_F77_value=
ac_cv_env_FFLAGS_set=
ac_cv_env_FFLAGS_value=
ac_cv_env_LDFLAGS_set=
ac_cv_env_LDFLAGS_value=
ac_cv_env_LIBS_set=
ac_cv_env_LIBS_value=
ac_cv_env_LT_SYS_LIBRARY_PATH_set=
ac_cv_env_LT_SYS_LIBRARY_PATH_value=
ac_cv_env_PKG_CONFIG_set=
ac_cv_env_PKG_CONFIG_value=
ac_cv_env_build_alias_set=
ac_cv_env_build_alias_value=
ac_cv_env_host_alias_set=
ac_cv_env_host_alias_value=
ac_cv_env_target_alias_set=
ac_cv_env_target_alias_value=
ac_cv_f77_compiler_gnu=yes
ac_cv_f77_dummy_main=none
ac_cv_f77_libs=' -L/usr/lib/gcc/x86_64-linux-gnu/7 -L/usr/lib/gcc/x86_64-linux-gnu/7/../../../x86_64-linux-gnu -L/usr/lib/gcc/x86_64-linux-gnu/7/../../../../lib -L/lib/x86_64-linux-gnu -L/lib/../lib -L/usr/lib/x86_64-linux-gnu -L/usr/lib/../lib -L/usr/lib/gcc/x86_64-linux-gnu/7/../../.. -lgfortran -lm -lquadmath'
ac_cv_f77_mangling='lower case, underscore, no extra underscore'
ac_cv_fortran_dummy_main=none
ac_cv_func_MPI_Initialized=no
ac_cv_func_snprintf=yes
ac_cv_func_vsnprintf=yes
ac_cv_have_decl_drand48=yes
ac_cv_have_decl_rand=yes
ac_cv_have_decl_va_copy=yes
ac_cv_header_cfloat=yes
ac_cv_header_cieeefp=no
ac_cv_header_cmath=yes
ac_cv_header_dlfcn_h=yes
ac_cv_header_ieeefp_h=no
ac_cv_header_inttypes_h=yes
ac_cv_header_memory_h=yes
ac_cv_header_stdc=yes
ac_cv_header_stdint_h=yes
ac_cv_header_stdlib_h=yes
ac_cv_header_string_h=yes
ac_cv_header_strings_h=yes
ac_cv_header_sys_stat_h=yes
ac_cv_header_sys_types_h=yes
ac_cv_header_unistd_h=yes
ac_cv_header_windows_h=no
ac_cv_host=x86_64-pc-linux-gnu
ac_cv_hsl_namemangling='lower case, underscore, no extra underscore'
ac_cv_jni_header_path=/usr/lib/jvm/java-11-openjdk-amd64/include
ac_cv_lib_dl_dlopen=yes
ac_cv_objext=o
ac_cv_path_EGREP='/bin/grep -E'
ac_cv_path_FGREP='/bin/grep -F'
ac_cv_path_GREP=/bin/grep
ac_cv_path_SED=/bin/sed
ac_cv_path__ACJNI_JAVAC=/usr/bin/javac
ac_cv_path_install='/usr/bin/install -c'
ac_cv_path_lt_DD=/bin/dd
ac_cv_path_mkdir=/bin/mkdir
ac_cv_prog_AWK=gawk
ac_cv_prog_CPP='gcc -E'
ac_cv_prog_CXXCPP='g++ -E'
ac_cv_prog_JAR=jar
ac_cv_prog_JAVA=java
ac_cv_prog_JAVAC=javac
ac_cv_prog_JAVADOC=javadoc
ac_cv_prog_ac_ct_AR=ar
ac_cv_prog_ac_ct_CC=gcc
ac_cv_prog_ac_ct_CXX=g++
ac_cv_prog_ac_ct_F77=gfortran
ac_cv_prog_ac_ct_MANIFEST_TOOL=mt
ac_cv_prog_ac_ct_OBJDUMP=objdump
ac_cv_prog_ac_ct_PKG_CONFIG=pkgconf
ac_cv_prog_ac_ct_RANLIB=ranlib
ac_cv_prog_ac_ct_STRIP=strip
ac_cv_prog_cc_c89=
ac_cv_prog_cc_g=yes
ac_cv_prog_coin_doxy_usedot=NO
ac_cv_prog_coin_have_doxygen=yes
ac_cv_prog_coin_have_latex=yes
ac_cv_prog_cxx_c_o=yes
ac_cv_prog_cxx_g=yes
ac_cv_prog_f77_c_o=yes
ac_cv_prog_f77_g=yes
ac_cv_prog_f77_v=-v
ac_cv_prog_java_works=yes
ac_cv_prog_javac_works=yes
ac_cv_prog_make_make_set=yes
ac_cv_search_cos=-lm
ac_cv_sizeof_int_p=8
am_cv_CC_dependencies_compiler_type=gcc3
am_cv_CXX_dependencies_compiler_type=gcc3
am_cv_make_support_nested_variables=yes
am_cv_prog_cc_c_o=yes
lt_cv_ar_at_file=@
lt_cv_archive_cmds_need_lc=no
lt_cv_deplibs_check_method=pass_all
lt_cv_file_magic_cmd='$MAGIC_CMD'
lt_cv_file_magic_test_file=
lt_cv_ld_reload_flag=-r
lt_cv_nm_interface='BSD nm'
lt_cv_objdir=.libs
lt_cv_path_LD=/usr/bin/ld
lt_cv_path_LDCXX='/usr/bin/ld -m elf_x86_64'
lt_cv_path_NM='/usr/bin/nm -B'
lt_cv_path_mainfest_tool=no
lt_cv_prog_compiler_c_o=yes
lt_cv_prog_compiler_c_o_CXX=yes
lt_cv_prog_compiler_c_o_F77=yes
lt_cv_prog_compiler_pic='-fPIC -DPIC'
lt_cv_prog_compiler_pic_CXX='-fPIC -DPIC'
lt_cv_prog_compiler_pic_F77=-fPIC
lt_cv_prog_compiler_pic_works=yes
lt_cv_prog_compiler_pic_works_CXX=yes
lt_cv_prog_compiler_pic_works_F77=yes
lt_cv_prog_compiler_rtti_exceptions=no
lt_cv_prog_compiler_static_works=yes
lt_cv_prog_compiler_static_works_CXX=yes
lt_cv_prog_compiler_static_works_F77=yes
lt_cv_prog_gnu_ld=yes
lt_cv_prog_gnu_ldcxx=yes
lt_cv_sharedlib_from_linklib_cmd='printf %s\n'
lt_cv_shlibpath_overrides_runpath=yes
lt_cv_sys_global_symbol_pipe='sed -n -e '\''s/^.*[	 ]\([ABCDGIRSTW][ABCDGIRSTW]*\)[	 ][	 ]*\([_A-Za-z][_A-Za-z0-9]*\)$/\1 \2 \2/p'\'' | sed '\''/ __gnu_lto/d'\'''
lt_cv_sys_global_symbol_to_c_name_address='sed -n -e '\''s/^: \(.*\) .*$/  {"\1", (void *) 0},/p'\'' -e '\''s/^[ABCDGIRSTW][ABCDGIRSTW]* .* \(.*\)$/  {"\1", (void *) \&\1},/p'\'''
lt_cv_sys_global_symbol_to_c_name_address_lib_prefix='sed -n -e '\''s/^: \(.*\) .*$/  {"\1", (void *) 0},/p'\'' -e '\''s/^[ABCDGIRSTW][ABCDGIRSTW]* .* \(lib.*\)$/  {"\1", (void *) \&\1},/p'\'' -e '\''s/^[ABCDGIRSTW][ABCDGIRSTW]* .* \(.*\)$/  {"lib\1", (void *) \&\1},/p'\'''
lt_cv_sys_global_symbol_to_cdecl='sed -n -e '\''s/^T .* \(.*\)$/extern int \1();/p'\'' -e '\''s/^[ABCDGIRSTW][ABCDGIRSTW]* .* \(.*\)$/extern char \1;/p'\'''
lt_cv_sys_global_symbol_to_import=
lt_cv_sys_max_cmd_len=1572864
lt_cv_to_host_file_cmd=func_convert_file_noop
lt_cv_to_tool_file_cmd=func_convert_file_noop
lt_cv_truncate_bin='/bin/dd bs=4096 count=1'

## ----------------- ##
## Output variables. ##
## ----------------- ##

ACLOCAL='${SHELL} /home/lamberta/Bureau/test/Miqcr-1.0/Ipopt/missing aclocal-1.16'
ALWAYS_FALSE_FALSE=''
ALWAYS_FALSE_TRUE='#'
AMDEPBACKSLASH='\'
AMDEP_FALSE='#'
AMDEP_TRUE=''
AMTAR='$${TAR-tar}'
AM_BACKSLASH='\'
AM_DEFAULT_V='$(AM_DEFAULT_VERBOSITY)'
AM_DEFAULT_VERBOSITY='0'
AM_V='$(V)'
AR='ar'
AS='as'
AUTOCONF='${SHELL} /home/lamberta/Bureau/test/Miqcr-1.0/Ipopt/missing autoconf'
AUTOHEADER='${SHELL} /home/lamberta/Bureau/test/Miqcr-1.0/Ipopt/missing autoheader'
AUTOMAKE='${SHELL} /home/lamberta/Bureau/test/Miqcr-1.0/Ipopt/missing automake-1.16'
AWK='gawk'
BIT32FCOMMENT='C'
BIT64FCOMMENT=''
BITS_PER_POINTER='64'
BUILD_INEXACT_FALSE=''
BUILD_INEXACT_TRUE='#'
BUILD_JAVA_FALSE='#'
BUILD_JAVA_TRUE=''
BUILD_LINEARSOLVERLOADER_FALSE='#'
BUILD_LINEARSOLVERLOADER_TRUE=''
BUILD_SIPOPT_FALSE='#'
BUILD_SIPOPT_TRUE=''
CC='gcc'
CCDEPMODE='depmode=gcc3'
CFLAGS='-O2 -DNDEBUG'
COIN_HAS_ASL_FALSE=''
COIN_HAS_ASL_TRUE='#'
COIN_HAS_DOXYGEN_FALSE='#'
COIN_HAS_DOXYGEN_TRUE=''
COIN_HAS_F77_FALSE='#'
COIN_HAS_F77_TRUE=''
COIN_HAS_HSL_FALSE='#'
COIN_HAS_HSL_TRUE=''
COIN_HAS_LAPACK_FALSE='#'
COIN_HAS_LAPACK_TRUE=''
COIN_HAS_LATEX_FALSE='#'
COIN_HAS_LATEX_TRUE=''
COIN_HAS_MUMPS_FALSE=''
COIN_HAS_MUMPS_TRUE='#'
COIN_HAS_PKGCONFIG_FALSE='#'
COIN_HAS_PKGCONFIG_TRUE=''
COIN_PKG_CONFIG_PATH='/usr/local/lib/pkgconfig:'
CPP='gcc -E'
CPPFLAGS=' -I/usr/lib/jvm/java-11-openjdk-amd64/include -I/usr/lib/jvm/java-11-openjdk-amd64/include/linux'
CXX='g++'
CXXCPP='g++ -E'
CXXDEPMODE='depmode=gcc3'
CXXFLAGS='-O2 -DNDEBUG'
CXXLIBS='-lstdc++ -lm'
CYGPATH_W='echo'
DEFS='-DHAVE_CONFIG_H'
DEPDIR='.deps'
DLLTOOL='false'
DSYMUTIL=''
DUMPBIN=''
ECHO_C=''
ECHO_N='-n'
ECHO_T=''
EGREP='/bin/grep -E'
EXEEXT=''
F77='gfortran'
FFLAGS='-O2'
FGREP='/bin/grep -F'
FLIBS=' -L/usr/lib/gcc/x86_64-linux-gnu/7 -L/usr/lib/gcc/x86_64-linux-gnu/7/../../../x86_64-linux-gnu -L/usr/lib/gcc/x86_64-linux-gnu/7/../../../../lib -L/lib/x86_64-linux-gnu -L/lib/../lib -L/usr/lib/x86_64-linux-gnu -L/usr/lib/../lib -L/usr/lib/gcc/x86_64-linux-gnu/7/../../.. -lgfortran -lm -lquadmath'
GREP='/bin/grep'
HAVE_MA28_FALSE=''
HAVE_MA28_TRUE='#'
HAVE_PARDISO_FALSE=''
HAVE_PARDISO_TRUE='#'
HAVE_WSMP_FALSE=''
HAVE_WSMP_TRUE='#'
HSLLIB_CFLAGS='-I/usr/local/include    '
HSLLIB_CFLAGS_NOPC=' '
HSLLIB_LFLAGS='-L/usr/local/lib -lcoinhsl    '
HSLLIB_LFLAGS_NOPC=' '
HSLLIB_PCFILES='coinhsl '
INSTALL_DATA='${INSTALL} -m 644'
INSTALL_PROGRAM='${INSTALL}'
INSTALL_SCRIPT='${INSTALL}'
INSTALL_STRIP_PROGRAM='$(install_sh) -c -s'
IPALLLIBS='../contrib/LinearSolverLoader/libLinearSolverLoader.la ../contrib/CGPenalty/libcgpenalty.la ../Algorithm/libipoptalg.la ../Algorithm/LinearSolvers/liblinsolvers.la ../Common/libcommon.la ../LinAlg/liblinalg.la ../LinAlg/TMatrices/libtmatrices.la'
IPOPTAMPLINTERFACELIB_CFLAGS=''
IPOPTAMPLINTERFACELIB_CFLAGS_NOPC=''
IPOPTAMPLINTERFACELIB_LFLAGS=''
IPOPTAMPLINTERFACELIB_LFLAGS_NOPC=''
IPOPTAMPLINTERFACELIB_PCFILES=''
IPOPTLIB_CFLAGS='-I/usr/local/include     '
IPOPTLIB_CFLAGS_NOPC='  '
IPOPTLIB_LFLAGS='-L/usr/local/lib -lcoinhsl -llapack -lblas     -lm  -ldl'
IPOPTLIB_LFLAGS_NOPC='  -lm  -ldl'
IPOPTLIB_PCFILES='coinhsl lapack blas '
JAR='jar'
JAVA='java'
JAVAC='javac'
JAVADOC='javadoc'
LD='/usr/bin/ld -m elf_x86_64'
LDFLAGS=''
LIBOBJS=''
LIBS=''
LIBTOOL='$(SHELL) $(top_builddir)/libtool'
LIPO=''
LN_S='ln -s'
LTLIBOBJS=''
LT_LDFLAGS=' -version-number 3:13:0 -no-undefined'
LT_SYS_LIBRARY_PATH=''
MAINT='#'
MAINTAINER_MODE_FALSE=''
MAINTAINER_MODE_TRUE='#'
MAKEINFO='${SHELL} /home/lamberta/Bureau/test/Miqcr-1.0/Ipopt/missing makeinfo'
MANIFEST_TOOL=':'
MKDIR_P='/bin/mkdir -p'
NM='/usr/bin/nm -B'
NMEDIT=''
OBJDUMP='objdump'
OBJEXT='o'
OTOOL64=''
OTOOL=''
PACKAGE='ipopt'
PACKAGE_BUGREPORT='https://github.com/coin-or/Ipopt/issues/new'
PACKAGE_NAME='Ipopt'
PACKAGE_STRING='Ipopt 3.13.0'
PACKAGE_TARNAME='ipopt'
PACKAGE_URL='https://github.com/coin-or/Ipopt'
PACKAGE_VERSION='3.13.0'
PATH_SEPARATOR=':'
PKG_CONFIG='pkgconf'
RANLIB='ranlib'
RPATH_FLAGS=' -Wl,--rpath -Wl,/usr/local/lib'
SED='/bin/sed'
SET_MAKE=''
SHELL='/bin/bash'
SIPOPTLIB_CFLAGS_NOPC=''
SIPOPTLIB_LFLAGS_NOPC=''
STRIP='strip'
VERSION='3.13.0'
_ACJNI_JAVAC='/usr/bin/javac'
ac_ct_AR='ar'
ac_ct_CC='gcc'
ac_ct_CXX='g++'
ac_ct_DUMPBIN=''
ac_ct_F77='gfortran'
ac_ct_PKG_CONFIG='pkgconf'
am__EXEEXT_FALSE=''
am__EXEEXT_TRUE='#'
am__fastdepCC_FALSE='#'
am__fastdepCC_TRUE=''
am__fastdepCXX_FALSE='#'
am__fastdepCXX_TRUE=''
am__include='include'
am__isrc=''
am__leading_dot='.'
am__nodep='_no'
am__quote=''
am__tar='$${TAR-tar} chof - "$$tardir"'
am__untar='$${TAR-tar} xf -'
bindir='${exec_prefix}/bin'
build='x86_64-pc-linux-gnu'
build_alias=''
build_cpu='x86_64'
build_os='linux-gnu'
build_vendor='pc'
coin_doxy_logname='ipopt_doxy.log'
coin_doxy_tagfiles=''
coin_doxy_tagname='ipopt_doxy.tag'
coin_doxy_usedot='NO'
coin_have_doxygen='yes'
coin_have_latex='yes'
datadir='${datarootdir}'
datarootdir='${prefix}/share'
docdir='${datarootdir}/doc/${PACKAGE_TARNAME}'
dvidir='${docdir}'
exec_prefix='${prefix}'
host='x86_64-pc-linux-gnu'
host_alias=''
host_cpu='x86_64'
host_os='linux-gnu'
host_vendor='pc'
htmldir='${docdir}'
includedir='${prefix}/include'
infodir='${datarootdir}/info'
install_sh='${SHELL} /home/lamberta/Bureau/test/Miqcr-1.0/Ipopt/install-sh'
libdir='${exec_prefix}/lib'
libexecdir='${exec_prefix}/libexec'
localedir='${datarootdir}/locale'
localstatedir='${prefix}/var'
mandir='${datarootdir}/man'
mkdir_p='$(MKDIR_P)'
oldincludedir='/usr/include'
pdfdir='${docdir}'
prefix='/usr/local'
program_transform_name='s,x,x,'
psdir='${docdir}'
sbindir='${exec_prefix}/sbin'
sharedstatedir='${prefix}/com'
sysconfdir='${prefix}/etc'
target_alias=''

## ----------- ##
## confdefs.h. ##
## ----------- ##

/* confdefs.h */
#define PACKAGE_NAME "Ipopt"
#define PACKAGE_TARNAME "ipopt"
#define PACKAGE_VERSION "3.13.0"
#define PACKAGE_STRING "Ipopt 3.13.0"
#define PACKAGE_BUGREPORT "https://github.com/coin-or/Ipopt/issues/new"
#define PACKAGE_URL "https://github.com/coin-or/Ipopt"
#define IPOPT_VERSION "3.13.0"
#define IPOPT_VERSION_MAJOR 3
#define IPOPT_VERSION_MINOR 13
#define IPOPT_VERSION_RELEASE 0
#define F77_FUNC(name,NAME) name ## _
#define F77_FUNC_(name,NAME) name ## _
#define STDC_HEADERS 1
#define HAVE_SYS_TYPES_H 1
#define HAVE_SYS_STAT_H 1
#define HAVE_STDLIB_H 1
#define HAVE_STRING_H 1
#define HAVE_MEMORY_H 1
#define HAVE_STRINGS_H 1
#define HAVE_INTTYPES_H 1
#define HAVE_STDINT_H 1
#define HAVE_UNISTD_H 1
#define HAVE_DLFCN_H 1
#define LT_OBJDIR ".libs/"
#define COIN_IPOPT_VERBOSITY 0
#define COIN_IPOPT_CHECKLEVEL 0
#define COIN_HAS_LAPACK 1
#define COIN_LAPACK_FUNC(name,NAME) name ## _
#define COIN_LAPACK_FUNC_(name,NAME) name ## _
#define COIN_HAS_HSL 1
#define HSLLIB_EXPORT 
#define HSL_FUNC(name,NAME) name ## _
#define HSL_FUNC_(name,NAME) name ## _
#define SIZEOF_INT_P 8
#define HAVE_CMATH 1
#define HAVE_CFLOAT 1
#define COIN_C_FINITE std::isfinite
#define HAVE_VA_COPY 1
#define HAVE_DRAND48 1
#define HAVE_RAND 1
#define HAVE_STD__RAND 1
#define FORTRAN_INTEGER_TYPE int
#define HAVE_LINEARSOLVERLOADER 1
#define SHAREDLIBEXT "so"
#define HAVE_SNPRINTF 1
#define HAVE_VSNPRINTF 1
#define IPOPTLIB_EXPORT 
#define IPOPTAMPLINTERFACELIB_EXPORT 
#define SIPOPTLIB_EXPORT 

configure: exit 0
